=== BEGIN MESSAGE ===
Client IP:
  ::1

Host:
  localhost

Requested URI:
  http://localhost/nezam/admin/plugins/projectmem/projectmem_add.php

Date:
  2017-09-13 17:22:04

Error:
  SQL error: Unknown column 'projectmemcat' in 'field list'.

Developer Details:
  SQL error: INSERT INTO projectmem (name, projectmemcat, status, sort) values ('نقشه بردار', 1, '1', 1). (SQL_ERROR)

tNG Execution Trace:
  tNG_insert.executeTransaction
    STARTER.Trigger_Default_Starter
    tNG_insert.doTransaction
      BEFORE.Trigger_Default_FormValidation
      tNG_insert.prepareSQL
      tNG_insert.executeTransaction - execute sql*
      ERROR.Trigger_Default_Insert_RollBack
  tNG_insert.getRecordset
  tNG_insert.getFakeRsArr
  tNG_insert.getLocalRecordset
  tNG_insert.getFakeRecordset
  tNG_insert.getFakeRecordset
=== END MESSAGE ===
=== BEGIN MESSAGE ===
Client IP:
  ::1

Host:
  localhost

Requested URI:
  http://localhost/nezam/admin/plugins/projectmem/projectmem_add.php

Date:
  2017-09-13 17:23:11

Error:
  SQL error: Column 'pmemcat' cannot be null.

Developer Details:
  SQL error: INSERT INTO projectmem (name, pmemcat, status, sort) values ('نقشه بردار', null, '1', 1). (SQL_ERROR)

tNG Execution Trace:
  tNG_insert.executeTransaction
    STARTER.Trigger_Default_Starter
    tNG_insert.doTransaction
      BEFORE.Trigger_Default_FormValidation
      tNG_insert.prepareSQL
      tNG_insert.executeTransaction - execute sql*
      ERROR.Trigger_Default_Insert_RollBack
  tNG_insert.getRecordset
  tNG_insert.getFakeRsArr
  tNG_insert.getLocalRecordset
  tNG_insert.getFakeRecordset
  tNG_insert.getFakeRecordset
=== END MESSAGE ===
=== BEGIN MESSAGE ===
Client IP:
  ::1

Host:
  localhost

Requested URI:
  http://localhost/nezam/admin/plugins/question/question_add.php

Date:
  2017-09-13 19:02:14

Error:
  SQL error: Column 'type' cannot be null.

Developer Details:
  SQL error: INSERT INTO question (name, type, qcat, constructiongroup, startdate, enddate, status, sort) values ('سوال 1', null, 1, 1, '1396/06/22 18:59:37', '1396/07/21 18:59:37', '1', 1). (SQL_ERROR)

tNG Execution Trace:
  tNG_insert.executeTransaction
    STARTER.Trigger_Default_Starter
    tNG_insert.doTransaction
      BEFORE.Trigger_Default_FormValidation
      tNG_insert.prepareSQL
      tNG_insert.executeTransaction - execute sql*
      ERROR.Trigger_Default_Insert_RollBack
  tNG_insert.getRecordset
  tNG_insert.getFakeRsArr
  tNG_insert.getLocalRecordset
  tNG_insert.getFakeRecordset
  tNG_insert.getFakeRecordset
=== END MESSAGE ===
=== BEGIN MESSAGE ===
Client IP:
  ::1

Host:
  localhost

Requested URI:
  http://localhost/nezam/admin/plugins/question/question_add.php

Date:
  2017-09-13 19:02:51

Error:
  SQL error: Data too long for column 'startdate' at row 1.

Developer Details:
  SQL error: INSERT INTO question (name, type, qcat, constructiongroup, startdate, enddate, status, sort) values ('سوال 1', '1', 1, 1, '1396/06/22 19:02:37', '1396/07/21 19:02:37', '1', 1). (SQL_ERROR)

tNG Execution Trace:
  tNG_insert.executeTransaction
    STARTER.Trigger_Default_Starter
    tNG_insert.doTransaction
      BEFORE.Trigger_Default_FormValidation
      tNG_insert.prepareSQL
      tNG_insert.executeTransaction - execute sql*
      ERROR.Trigger_Default_Insert_RollBack
  tNG_insert.getRecordset
  tNG_insert.getFakeRsArr
  tNG_insert.getLocalRecordset
  tNG_insert.getFakeRecordset
  tNG_insert.getFakeRecordset
=== END MESSAGE ===
=== BEGIN MESSAGE ===
Client IP:
  ::1

Host:
  localhost

Requested URI:
  http://localhost/nezam/admin/plugins/question/question_add.php

Date:
  2017-09-13 19:03:46

Error:
  SQL error: Data too long for column 'startdate' at row 1.

Developer Details:
  SQL error: INSERT INTO question (name, type, qcat, constructiongroup, startdate, enddate, status, sort) values ('سوال 1', '1', 1, 1, '1396/06/22 19:02:37', '1396/07/21 19:02:37', '1', 1). (SQL_ERROR)

tNG Execution Trace:
  tNG_insert.executeTransaction
    STARTER.Trigger_Default_Starter
    tNG_insert.doTransaction
      BEFORE.Trigger_Default_FormValidation
      tNG_insert.prepareSQL
      tNG_insert.executeTransaction - execute sql*
      ERROR.Trigger_Default_Insert_RollBack
  tNG_insert.getRecordset
  tNG_insert.getFakeRsArr
  tNG_insert.getLocalRecordset
  tNG_insert.getFakeRecordset
  tNG_insert.getFakeRecordset
=== END MESSAGE ===
=== BEGIN MESSAGE ===
Client IP:
  ::1

Host:
  localhost

Requested URI:
  http://localhost/nezam/admin/plugins/question/question_add.php

Date:
  2017-09-13 19:04:08

Error:
  SQL error: Data too long for column 'startdate' at row 1.

Developer Details:
  SQL error: INSERT INTO question (name, type, qcat, constructiongroup, startdate, enddate, status, sort) values ('سوال 1', '1', 1, 1, '1396/06/22 19:02:37', '1396/07/21 19:02:37', '1', 1). (SQL_ERROR)

tNG Execution Trace:
  tNG_insert.executeTransaction
    STARTER.Trigger_Default_Starter
    tNG_insert.doTransaction
      BEFORE.Trigger_Default_FormValidation
      tNG_insert.prepareSQL
      tNG_insert.executeTransaction - execute sql*
      ERROR.Trigger_Default_Insert_RollBack
  tNG_insert.getRecordset
  tNG_insert.getFakeRsArr
  tNG_insert.getLocalRecordset
  tNG_insert.getFakeRecordset
  tNG_insert.getFakeRecordset
=== END MESSAGE ===
=== BEGIN MESSAGE ===
Client IP:
  ::1

Host:
  localhost

Requested URI:
  http://localhost/nezam/admin/plugins/questionitem/questionitem_add.php

Date:
  2017-09-13 19:36:32

Error:
  SQL error: Unknown column 'pmemcat' in 'field list'.

Developer Details:
  SQL error: INSERT INTO questionitem (name, pmemcat, status, sort) values ('بلی', 1, '1', 1). (SQL_ERROR)

tNG Execution Trace:
  tNG_insert.executeTransaction
    STARTER.Trigger_Default_Starter
    tNG_insert.doTransaction
      BEFORE.Trigger_Default_FormValidation
      tNG_insert.prepareSQL
      tNG_insert.executeTransaction - execute sql*
      ERROR.Trigger_Default_Insert_RollBack
  tNG_insert.getRecordset
  tNG_insert.getFakeRsArr
  tNG_insert.getLocalRecordset
  tNG_insert.getFakeRecordset
  tNG_insert.getFakeRecordset
=== END MESSAGE ===
=== BEGIN MESSAGE ===
Client IP:
  ::1

Host:
  localhost

Requested URI:
  http://localhost/nezam/admin/plugins/questionitem/questionitem_add.php

Date:
  2017-09-13 19:37:27

Error:
  SQL error: Incorrect integer value: 'بلی' for column 'name' at row 1.

Developer Details:
  SQL error: INSERT INTO questionitem (name, questionid, status, sort) values ('بلی', null, '1', 1). (SQL_ERROR)

tNG Execution Trace:
  tNG_insert.executeTransaction
    STARTER.Trigger_Default_Starter
    tNG_insert.doTransaction
      BEFORE.Trigger_Default_FormValidation
      tNG_insert.prepareSQL
      tNG_insert.executeTransaction - execute sql*
      ERROR.Trigger_Default_Insert_RollBack
  tNG_insert.getRecordset
  tNG_insert.getFakeRsArr
  tNG_insert.getLocalRecordset
  tNG_insert.getFakeRecordset
  tNG_insert.getFakeRecordset
=== END MESSAGE ===
=== BEGIN MESSAGE ===
Client IP:
  ::1

Host:
  localhost

Requested URI:
  http://localhost/nezam/admin/plugins/questionitem/questionitem_add.php

Date:
  2017-09-13 19:38:40

Error:
  SQL error: Column 'questionid' cannot be null.

Developer Details:
  SQL error: INSERT INTO questionitem (name, questionid, status, sort) values ('بلی', null, '1', 1). (SQL_ERROR)

tNG Execution Trace:
  tNG_insert.executeTransaction
    STARTER.Trigger_Default_Starter
    tNG_insert.doTransaction
      BEFORE.Trigger_Default_FormValidation
      tNG_insert.prepareSQL
      tNG_insert.executeTransaction - execute sql*
      ERROR.Trigger_Default_Insert_RollBack
  tNG_insert.getRecordset
  tNG_insert.getFakeRsArr
  tNG_insert.getLocalRecordset
  tNG_insert.getFakeRecordset
  tNG_insert.getFakeRecordset
=== END MESSAGE ===
=== BEGIN MESSAGE ===
Client IP:
  ::1

Host:
  localhost

Requested URI:
  http://localhost/nezam/admin/plugins/questionitem/questionitem_edit.php?id=!!!!g0d9hKJvgsa47Spt5rwONA

Date:
  2017-09-13 19:39:18

Error:
  Internal error.

Developer Details:
  tNG_update.getLocalRecordset:<br /><strong>Error message:</strong><br />Unknown column 'pmemcat' in 'field list'<br /><strong>SQL statement:</strong><br />SELECT name,pmemcat,status,sort,id, id as kt_pk_questionitem FROM questionitem WHERE id =2 (UPD_RS)

tNG Execution Trace:
  tNG_update.executeTransaction
    STARTER.Trigger_Default_Starter
  tNG_update.getRecordset
  tNG_update.getLocalRecordset*
=== END MESSAGE ===
=== BEGIN MESSAGE ===
Client IP:
  ::1

Host:
  localhost

Requested URI:
  http://localhost/nezam/admin/plugins/projectreport/projectreport_add.php

Date:
  2017-09-14 16:29:59

Error:
  SQL error: Cannot add or update a child row: a foreign key constraint fails (`nezam`.`projectreport`, CONSTRAINT `prjtr_r1` FOREIGN KEY (`projectid`) REFERENCES `project` (`id`) ON DELETE CASCADE ON UPDATE CASCADE).

Developer Details:
  SQL error: INSERT INTO projectreport (projectid, visitdate, workstep, projectpercent, kargah, description, takhalofshahr, takhalofsazeh, takhalofmemari, takhaloftasisat, finaltext, status) values (1, '1396/06/23', 1, 2, '1', '&lt;p&gt;3&lt;/p&gt;
', '&lt;p&gt;4&lt;/p&gt;
', '&lt;p&gt;5&lt;/p&gt;
', '&lt;p&gt;6&lt;/p&gt;
', '&lt;p&gt;7&lt;/p&gt;
', '&lt;p&gt;8&lt;/p&gt;
', '1'). (SQL_ERROR)

tNG Execution Trace:
  tNG_insert.executeTransaction
    STARTER.Trigger_Default_Starter
    tNG_insert.doTransaction
      BEFORE.Trigger_Default_FormValidation
      tNG_insert.prepareSQL
      tNG_insert.executeTransaction - execute sql*
      ERROR.Trigger_Default_Insert_RollBack
  tNG_insert.getRecordset
  tNG_insert.getFakeRsArr
  tNG_insert.getLocalRecordset
  tNG_insert.getFakeRecordset
  tNG_insert.getFakeRecordset
=== END MESSAGE ===
=== BEGIN MESSAGE ===
Client IP:
  ::1

Host:
  localhost

Requested URI:
  http://localhost/nezam/admin/plugins/project/project_edit.php

Date:
  2017-09-14 17:20:35

Error:
  Internal error.

Developer Details:
  tNG_update.getLocalRecordset:<br /><strong>Error message:</strong><br />Unknown column 'code' in 'field list'<br /><strong>SQL statement:</strong><br />SELECT code,name,status,id, id as kt_pk_project FROM project WHERE id =5 (UPD_RS)

tNG Execution Trace:
  tNG_update.executeTransaction
    STARTER.Trigger_Default_Starter
  tNG_update.getRecordset
  tNG_update.getLocalRecordset*
=== END MESSAGE ===
=== BEGIN MESSAGE ===
Client IP:
  ::1

Host:
  localhost

Requested URI:
  http://localhost/nezam/admin/plugins/project/project_edit.php?id=1

Date:
  2017-09-14 17:20:41

Error:
  Internal error.

Developer Details:
  tNG_update.getLocalRecordset:<br /><strong>Error message:</strong><br />Unknown column 'code' in 'field list'<br /><strong>SQL statement:</strong><br />SELECT code,name,status,id, id as kt_pk_project FROM project WHERE id =5 (UPD_RS)

tNG Execution Trace:
  tNG_update.executeTransaction
    STARTER.Trigger_Default_Starter
  tNG_update.getRecordset
  tNG_update.getLocalRecordset*
=== END MESSAGE ===
=== BEGIN MESSAGE ===
Client IP:
  ::1

Host:
  localhost

Requested URI:
  http://localhost/nezam/admin/plugins/project/project_add.php

Date:
  2017-09-16 17:26:31

Error:
  SQL error: Column 'adress' cannot be null.

Developer Details:
  SQL error: INSERT INTO project (fname, lname, codemeli, adress, pelak, codeposti, noekarbari, sayerkarbari, constructiongroup, workstep, projectpercent, parvane, parvanecode, parvanedate, marjasodor, projectplace, projectcode, zirbana, satheshghal, saghf, vahed, vahedt, afzayeshbana, afzayeshsaghf, afzayeshmetr, finalzirbana, afzayeshsabt, afzayeshcode, comision, estehkam, estehkamnezam, status) values ('علی', 'امینی', '2093590670', null, '1', '2222222222', null, null, 1, 2, 3, '1', '4', '1396/06/25', 1, '1', '5', '6', '7', 8, 9, 10, '1', 11, '12', '13', null, '14', '1', '1', '1', '1'). (SQL_ERROR)

tNG Execution Trace:
  tNG_insert.executeTransaction
    STARTER.Trigger_Default_Starter
    tNG_insert.doTransaction
      BEFORE.Trigger_Default_FormValidation
      tNG_insert.prepareSQL
      tNG_insert.executeTransaction - execute sql*
      ERROR.Trigger_Default_Insert_RollBack
  tNG_insert.getRecordset
  tNG_insert.getFakeRsArr
  tNG_insert.getLocalRecordset
  tNG_insert.getFakeRecordset
  tNG_insert.getFakeRecordset
=== END MESSAGE ===
=== BEGIN MESSAGE ===
Client IP:
  ::1

Host:
  localhost

Requested URI:
  http://localhost/nezam/admin/plugins/project/project_add.php

Date:
  2017-09-16 17:27:14

Error:
  SQL error: Unknown column 'address' in 'field list'.

Developer Details:
  SQL error: INSERT INTO project (fname, lname, codemeli, address, pelak, codeposti, noekarbari, sayerkarbari, constructiongroup, workstep, projectpercent, parvane, parvanecode, parvanedate, marjasodor, projectplace, projectcode, zirbana, satheshghal, saghf, vahed, vahedt, afzayeshbana, afzayeshsaghf, afzayeshmetr, finalzirbana, afzayeshsabt, afzayeshcode, comision, estehkam, estehkamnezam, status) values ('علی', 'امینی', '2093590670', 'ساری', '1', '2222222222', null, null, 1, 2, 3, '1', '4', '1396/06/25', 1, '1', '5', '6', '7', 8, 9, 10, '1', 11, '12', '13', null, '14', '1', '1', '1', '1'). (SQL_ERROR)

tNG Execution Trace:
  tNG_insert.executeTransaction
    STARTER.Trigger_Default_Starter
    tNG_insert.doTransaction
      BEFORE.Trigger_Default_FormValidation
      tNG_insert.prepareSQL
      tNG_insert.executeTransaction - execute sql*
      ERROR.Trigger_Default_Insert_RollBack
  tNG_insert.getRecordset
  tNG_insert.getFakeRsArr
  tNG_insert.getLocalRecordset
  tNG_insert.getFakeRecordset
  tNG_insert.getFakeRecordset
=== END MESSAGE ===
=== BEGIN MESSAGE ===
Client IP:
  ::1

Host:
  localhost

Requested URI:
  http://localhost/nezam/admin/plugins/project/project_add.php

Date:
  2017-09-16 17:27:30

Error:
  SQL error: Column 'noekarbari' cannot be null.

Developer Details:
  SQL error: INSERT INTO project (fname, lname, codemeli, address, pelak, codeposti, noekarbari, sayerkarbari, constructiongroup, workstep, projectpercent, parvane, parvanecode, parvanedate, marjasodor, projectplace, projectcode, zirbana, satheshghal, saghf, vahed, vahedt, afzayeshbana, afzayeshsaghf, afzayeshmetr, finalzirbana, afzayeshsabt, afzayeshcode, comision, estehkam, estehkamnezam, status) values ('علی', 'امینی', '2093590670', 'ساری', '1', '2222222222', null, null, 1, 2, 3, '1', '4', '1396/06/25', 1, '1', '5', '6', '7', 8, 9, 10, '1', 11, '12', '13', null, '14', '1', '1', '1', '1'). (SQL_ERROR)

tNG Execution Trace:
  tNG_insert.executeTransaction
    STARTER.Trigger_Default_Starter
    tNG_insert.doTransaction
      BEFORE.Trigger_Default_FormValidation
      tNG_insert.prepareSQL
      tNG_insert.executeTransaction - execute sql*
      ERROR.Trigger_Default_Insert_RollBack
  tNG_insert.getRecordset
  tNG_insert.getFakeRsArr
  tNG_insert.getLocalRecordset
  tNG_insert.getFakeRecordset
  tNG_insert.getFakeRecordset
=== END MESSAGE ===
=== BEGIN MESSAGE ===
Client IP:
  ::1

Host:
  localhost

Requested URI:
  http://localhost/nezam/admin/plugins/project/project_add.php

Date:
  2017-09-16 17:28:05

Error:
  SQL error: Column 'sayerkarbari' cannot be null.

Developer Details:
  SQL error: INSERT INTO project (fname, lname, codemeli, address, pelak, codeposti, noekarbari, sayerkarbari, constructiongroup, workstep, projectpercent, parvane, parvanecode, parvanedate, marjasodor, projectplace, projectcode, zirbana, satheshghal, saghf, vahed, vahedt, afzayeshbana, afzayeshsaghf, afzayeshmetr, finalzirbana, afzayeshsabt, afzayeshcode, comision, estehkam, estehkamnezam, status) values ('علی', 'امینی', '2093590670', 'ساری', '1', '2222222222', 1, null, 1, 2, 3, '1', '4', '1396/06/25', 1, '1', '5', '6', '7', 8, 9, 10, '1', 11, '12', '13', null, '14', '1', '1', '1', '1'). (SQL_ERROR)

tNG Execution Trace:
  tNG_insert.executeTransaction
    STARTER.Trigger_Default_Starter
    tNG_insert.doTransaction
      BEFORE.Trigger_Default_FormValidation
      tNG_insert.prepareSQL
      tNG_insert.executeTransaction - execute sql*
      ERROR.Trigger_Default_Insert_RollBack
  tNG_insert.getRecordset
  tNG_insert.getFakeRsArr
  tNG_insert.getLocalRecordset
  tNG_insert.getFakeRecordset
  tNG_insert.getFakeRecordset
=== END MESSAGE ===
=== BEGIN MESSAGE ===
Client IP:
  ::1

Host:
  localhost

Requested URI:
  http://localhost/nezam/admin/plugins/project/project_add.php

Date:
  2017-09-16 17:28:22

Error:
  SQL error: Column 'afzayeshsabt' cannot be null.

Developer Details:
  SQL error: INSERT INTO project (fname, lname, codemeli, address, pelak, codeposti, noekarbari, sayerkarbari, constructiongroup, workstep, projectpercent, parvane, parvanecode, parvanedate, marjasodor, projectplace, projectcode, zirbana, satheshghal, saghf, vahed, vahedt, afzayeshbana, afzayeshsaghf, afzayeshmetr, finalzirbana, afzayeshsabt, afzayeshcode, comision, estehkam, estehkamnezam, status) values ('علی', 'امینی', '2093590670', 'ساری', '1', '2222222222', 1, null, 1, 2, 3, '1', '4', '1396/06/25', 1, '1', '5', '6', '7', 8, 9, 10, '1', 11, '12', '13', null, '14', '1', '1', '1', '1'). (SQL_ERROR)

tNG Execution Trace:
  tNG_insert.executeTransaction
    STARTER.Trigger_Default_Starter
    tNG_insert.doTransaction
      BEFORE.Trigger_Default_FormValidation
      tNG_insert.prepareSQL
      tNG_insert.executeTransaction - execute sql*
      ERROR.Trigger_Default_Insert_RollBack
  tNG_insert.getRecordset
  tNG_insert.getFakeRsArr
  tNG_insert.getLocalRecordset
  tNG_insert.getFakeRecordset
  tNG_insert.getFakeRecordset
=== END MESSAGE ===
=== BEGIN MESSAGE ===
Client IP:
  ::1

Host:
  localhost

Requested URI:
  http://localhost/nezam/admin/plugins/project/project_add.php

Date:
  2017-09-16 17:29:45

Error:
  SQL error: Column 'afzayeshsabt' cannot be null.

Developer Details:
  SQL error: INSERT INTO project (fname, lname, codemeli, address, pelak, codeposti, noekarbari, sayerkarbari, constructiongroup, workstep, projectpercent, parvane, parvanecode, parvanedate, marjasodor, projectplace, projectcode, zirbana, satheshghal, saghf, vahed, vahedt, afzayeshbana, afzayeshsaghf, afzayeshmetr, finalzirbana, afzayeshsabt, afzayeshcode, comision, estehkam, estehkamnezam, status) values ('علی', 'امینی', '2093590670', 'ساری', '1', '2222222222', 1, null, 1, 2, 3, '1', '4', '1396/06/25', 1, '1', '5', '6', '7', 8, 9, 10, '1', 11, '12', '13', null, '14', '1', '1', '1', '1'). (SQL_ERROR)

tNG Execution Trace:
  tNG_insert.executeTransaction
    STARTER.Trigger_Default_Starter
    tNG_insert.doTransaction
      BEFORE.Trigger_Default_FormValidation
      tNG_insert.prepareSQL
      tNG_insert.executeTransaction - execute sql*
      ERROR.Trigger_Default_Insert_RollBack
  tNG_insert.getRecordset
  tNG_insert.getFakeRsArr
  tNG_insert.getLocalRecordset
  tNG_insert.getFakeRecordset
  tNG_insert.getFakeRecordset
=== END MESSAGE ===
=== BEGIN MESSAGE ===
Client IP:
  ::1

Host:
  localhost

Requested URI:
  http://localhost/nezam/admin/plugins/project/project_add.php

Date:
  2017-09-16 17:30:32

Error:
  SQL error: Column 'afzayeshsabt' cannot be null.

Developer Details:
  SQL error: INSERT INTO project (fname, lname, codemeli, address, pelak, codeposti, noekarbari, sayerkarbari, constructiongroup, workstep, projectpercent, parvane, parvanecode, parvanedate, marjasodor, projectplace, projectcode, zirbana, satheshghal, saghf, vahed, vahedt, afzayeshbana, afzayeshsaghf, afzayeshmetr, finalzirbana, afzayeshsabt, afzayeshcode, comision, estehkam, estehkamnezam, status) values ('علی', 'امینی', '2093590670', 'ساری', '1', '2222222222', 1, null, 1, 2, 3, '1', '4', '1396/06/25', 1, '1', '5', '6', '7', 8, 9, 10, '1', 11, '12', '13', null, '14', '1', '1', '1', '1'). (SQL_ERROR)

tNG Execution Trace:
  tNG_insert.executeTransaction
    STARTER.Trigger_Default_Starter
    tNG_insert.doTransaction
      BEFORE.Trigger_Default_FormValidation
      tNG_insert.prepareSQL
      tNG_insert.executeTransaction - execute sql*
      ERROR.Trigger_Default_Insert_RollBack
  tNG_insert.getRecordset
  tNG_insert.getFakeRsArr
  tNG_insert.getLocalRecordset
  tNG_insert.getFakeRecordset
  tNG_insert.getFakeRecordset
=== END MESSAGE ===
=== BEGIN MESSAGE ===
Client IP:
  ::1

Host:
  localhost

Requested URI:
  http://localhost/nezam/admin/plugins/project/project_add.php

Date:
  2017-09-16 17:30:50

Error:
  SQL error: Column 'afzayeshsabt' cannot be null.

Developer Details:
  SQL error: INSERT INTO project (fname, lname, codemeli, address, pelak, codeposti, noekarbari, sayerkarbari, constructiongroup, workstep, projectpercent, parvane, parvanecode, parvanedate, marjasodor, projectplace, projectcode, zirbana, satheshghal, saghf, vahed, vahedt, afzayeshbana, afzayeshsaghf, afzayeshmetr, finalzirbana, afzayeshsabt, afzayeshcode, comision, estehkam, estehkamnezam, status) values ('علی', 'امینی', '2093590670', 'ساری', '1', '2222222222', 1, null, 1, 2, 3, '1', '4', '1396/06/25', 1, '1', '5', '6', '7', 8, 9, 10, '1', 11, '12', '13', null, '14', '1', '1', '1', '1'). (SQL_ERROR)

tNG Execution Trace:
  tNG_insert.executeTransaction
    STARTER.Trigger_Default_Starter
    tNG_insert.doTransaction
      BEFORE.Trigger_Default_FormValidation
      tNG_insert.prepareSQL
      tNG_insert.executeTransaction - execute sql*
      ERROR.Trigger_Default_Insert_RollBack
  tNG_insert.getRecordset
  tNG_insert.getFakeRsArr
  tNG_insert.getLocalRecordset
  tNG_insert.getFakeRecordset
  tNG_insert.getFakeRecordset
=== END MESSAGE ===
=== BEGIN MESSAGE ===
Client IP:
  ::1

Host:
  localhost

Requested URI:
  http://localhost/nezam/admin/plugins/project/project_add.php

Date:
  2017-09-16 17:32:36

Error:
  SQL error: Column 'afzayeshsabt' cannot be null.

Developer Details:
  SQL error: INSERT INTO project (fname, lname, codemeli, address, pelak, codeposti, noekarbari, sayerkarbari, constructiongroup, workstep, projectpercent, parvane, parvanecode, parvanedate, marjasodor, projectplace, projectcode, zirbana, satheshghal, saghf, vahed, vahedt, afzayeshbana, afzayeshsaghf, afzayeshmetr, finalzirbana, afzayeshsabt, afzayeshcode, comision, estehkam, estehkamnezam, status) values ('علی', 'امینی', '2093590670', 'ساری', '1', '2222222222', 1, null, 1, 2, 3, '1', '4', '1396/06/25', 1, '1', '5', '6', '7', 8, 9, 10, '1', 11, '12', '13', null, '14', '1', '1', '1', '1'). (SQL_ERROR)

tNG Execution Trace:
  tNG_insert.executeTransaction
    STARTER.Trigger_Default_Starter
    tNG_insert.doTransaction
      BEFORE.Trigger_Default_FormValidation
      tNG_insert.prepareSQL
      tNG_insert.executeTransaction - execute sql*
      ERROR.Trigger_Default_Insert_RollBack
  tNG_insert.getRecordset
  tNG_insert.getFakeRsArr
  tNG_insert.getLocalRecordset
  tNG_insert.getFakeRecordset
  tNG_insert.getFakeRecordset
=== END MESSAGE ===
=== BEGIN MESSAGE ===
Client IP:
  ::1

Host:
  localhost

Requested URI:
  http://localhost/nezam/admin/plugins/project/project_add.php

Date:
  2017-09-16 17:33:23

Error:
  SQL error: Column 'afzayeshsabt' cannot be null.

Developer Details:
  SQL error: INSERT INTO project (fname, lname, codemeli, address, pelak, codeposti, noekarbari, sayerkarbari, constructiongroup, workstep, projectpercent, parvane, parvanecode, parvanedate, marjasodor, projectplace, projectcode, zirbana, satheshghal, saghf, vahed, vahedt, afzayeshbana, afzayeshsaghf, afzayeshmetr, finalzirbana, afzayeshsabt, afzayeshcode, comision, estehkam, estehkamnezam, status) values ('علی', 'امینی', '2093590670', 'ساری', '1', '2222222222', 1, null, 1, 2, 3, '1', '4', '1396/06/25', 1, '1', '5', '6', '7', 8, 9, 10, '1', 11, '12', '13', null, '14', '1', '1', '1', '1'). (SQL_ERROR)

tNG Execution Trace:
  tNG_insert.executeTransaction
    STARTER.Trigger_Default_Starter
    tNG_insert.doTransaction
      BEFORE.Trigger_Default_FormValidation
      tNG_insert.prepareSQL
      tNG_insert.executeTransaction - execute sql*
      ERROR.Trigger_Default_Insert_RollBack
  tNG_insert.getRecordset
  tNG_insert.getFakeRsArr
  tNG_insert.getLocalRecordset
  tNG_insert.getFakeRecordset
  tNG_insert.getFakeRecordset
=== END MESSAGE ===
=== BEGIN MESSAGE ===
Client IP:
  ::1

Host:
  localhost

Requested URI:
  http://localhost/nezam/admin/plugins/project/project_add.php

Date:
  2017-09-16 17:33:28

Error:
  SQL error: Column 'afzayeshsabt' cannot be null.

Developer Details:
  SQL error: INSERT INTO project (fname, lname, codemeli, address, pelak, codeposti, noekarbari, sayerkarbari, constructiongroup, workstep, projectpercent, parvane, parvanecode, parvanedate, marjasodor, projectplace, projectcode, zirbana, satheshghal, saghf, vahed, vahedt, afzayeshbana, afzayeshsaghf, afzayeshmetr, finalzirbana, afzayeshsabt, afzayeshcode, comision, estehkam, estehkamnezam, status) values ('علی', 'امینی', '2093590670', 'ساری', '1', '2222222222', 1, null, 1, 2, 3, '1', '4', '1396/06/25', 1, '1', '5', '6', '7', 8, 9, 10, '1', 11, '12', '13', null, '14', '1', '1', '1', '1'). (SQL_ERROR)

tNG Execution Trace:
  tNG_insert.executeTransaction
    STARTER.Trigger_Default_Starter
    tNG_insert.doTransaction
      BEFORE.Trigger_Default_FormValidation
      tNG_insert.prepareSQL
      tNG_insert.executeTransaction - execute sql*
      ERROR.Trigger_Default_Insert_RollBack
  tNG_insert.getRecordset
  tNG_insert.getFakeRsArr
  tNG_insert.getLocalRecordset
  tNG_insert.getFakeRecordset
  tNG_insert.getFakeRecordset
=== END MESSAGE ===
=== BEGIN MESSAGE ===
Client IP:
  ::1

Host:
  localhost

Requested URI:
  http://localhost/nezam/admin/plugins/project/project_add.php

Date:
  2017-09-16 17:33:47

Error:
  SQL error: Field 'ostan' doesn't have a default value.

Developer Details:
  SQL error: INSERT INTO project (fname, lname, codemeli, address, pelak, codeposti, noekarbari, sayerkarbari, constructiongroup, workstep, projectpercent, parvane, parvanecode, parvanedate, marjasodor, projectplace, projectcode, zirbana, satheshghal, saghf, vahed, vahedt, afzayeshbana, afzayeshsaghf, afzayeshmetr, finalzirbana, afzayeshsabt, afzayeshcode, comision, estehkam, estehkamnezam, status) values ('علی', 'امینی', '2093590670', 'ساری', '1', '2222222222', 1, null, 1, 2, 3, '1', '4', '1396/06/25', 1, '1', '5', '6', '7', 8, 9, 10, '1', 11, '12', '13', null, '14', '1', '1', '1', '1'). (SQL_ERROR)

tNG Execution Trace:
  tNG_insert.executeTransaction
    STARTER.Trigger_Default_Starter
    tNG_insert.doTransaction
      BEFORE.Trigger_Default_FormValidation
      tNG_insert.prepareSQL
      tNG_insert.executeTransaction - execute sql*
      ERROR.Trigger_Default_Insert_RollBack
  tNG_insert.getRecordset
  tNG_insert.getFakeRsArr
  tNG_insert.getLocalRecordset
  tNG_insert.getFakeRecordset
  tNG_insert.getFakeRecordset
=== END MESSAGE ===
=== BEGIN MESSAGE ===
Client IP:
  ::1

Host:
  localhost

Requested URI:
  http://localhost/nezam/admin/plugins/project/project_add.php

Date:
  2017-09-16 17:34:06

Error:
  SQL error: Field 'rosta' doesn't have a default value.

Developer Details:
  SQL error: INSERT INTO project (fname, lname, codemeli, address, pelak, codeposti, noekarbari, sayerkarbari, constructiongroup, workstep, projectpercent, parvane, parvanecode, parvanedate, marjasodor, projectplace, projectcode, zirbana, satheshghal, saghf, vahed, vahedt, afzayeshbana, afzayeshsaghf, afzayeshmetr, finalzirbana, afzayeshsabt, afzayeshcode, comision, estehkam, estehkamnezam, status) values ('علی', 'امینی', '2093590670', 'ساری', '1', '2222222222', 1, null, 1, 2, 3, '1', '4', '1396/06/25', 1, '1', '5', '6', '7', 8, 9, 10, '1', 11, '12', '13', null, '14', '1', '1', '1', '1'). (SQL_ERROR)

tNG Execution Trace:
  tNG_insert.executeTransaction
    STARTER.Trigger_Default_Starter
    tNG_insert.doTransaction
      BEFORE.Trigger_Default_FormValidation
      tNG_insert.prepareSQL
      tNG_insert.executeTransaction - execute sql*
      ERROR.Trigger_Default_Insert_RollBack
  tNG_insert.getRecordset
  tNG_insert.getFakeRsArr
  tNG_insert.getLocalRecordset
  tNG_insert.getFakeRecordset
  tNG_insert.getFakeRecordset
=== END MESSAGE ===
=== BEGIN MESSAGE ===
Client IP:
  ::1

Host:
  localhost

Requested URI:
  http://localhost/nezam/admin/plugins/project/project_add.php?add=1

Date:
  2017-09-16 17:53:02

Error:
  SQL error: Column 'fname' cannot be null.

Developer Details:
  SQL error: INSERT INTO project (fname, lname, codemeli, address, pelak, codeposti, noekarbari, sayerkarbari, constructiongroup, workstep, projectpercent, parvane, parvanecode, parvanedate, marjasodor, projectplace, projectcode, zirbana, satheshghal, saghf, vahed, vahedt, afzayeshbana, afzayeshsaghf, afzayeshmetr, finalzirbana, afzayeshsabt, afzayeshcode, comision, estehkam, estehkamnezam, status) values (null, null, null, null, null, null, 3, null, null, null, 0, null, null, '1396/06/25', 1, null, null, null, null, null, null, null, null, null, null, null, null, null, null, null, null, '1'). (SQL_ERROR)

tNG Execution Trace:
  tNG_insert.executeTransaction
    STARTER.Trigger_Default_Starter
    tNG_insert.doTransaction
      BEFORE.Trigger_Default_FormValidation
      tNG_insert.prepareSQL
      tNG_insert.executeTransaction - execute sql*
      ERROR.Trigger_Default_Insert_RollBack
  tNG_insert.getRecordset
  tNG_insert.getFakeRsArr
  tNG_insert.getLocalRecordset
  tNG_insert.getFakeRecordset
  tNG_insert.getFakeRecordset
=== END MESSAGE ===
=== BEGIN MESSAGE ===
Client IP:
  ::1

Host:
  localhost

Requested URI:
  http://localhost/nezam/admin/plugins/project/project_add.php

Date:
  2017-09-16 18:42:50

Error:
  SQL error: Column 'noekarbari' cannot be null.

Developer Details:
  SQL error: INSERT INTO project (fname, lname, codemeli, address, pelak, codeposti, noekarbari, sayerkarbari, constructiongroup, workstep, projectpercent, parvane, parvanecode, parvanedate, marjasodor, projectplace, projectcode, zirbana, satheshghal, saghf, vahed, vahedt, afzayeshbana, afzayeshsaghf, afzayeshmetr, finalzirbana, afzayeshsabt, afzayeshcode, comision, estehkam, estehkamnezam, status) values ('1', '2', '3', '4', '5', '6', null, null, 3, 6, 7, '1', '777', '1396/06/25', 1, '1', '888', '8', '88', 8, 8, 8, '1', 8, '8', '8', '1', '4', '1', '1', '1', '1'). (SQL_ERROR)

tNG Execution Trace:
  tNG_insert.executeTransaction
    STARTER.Trigger_Default_Starter
    tNG_insert.doTransaction
      BEFORE.Trigger_Default_FormValidation
      tNG_insert.prepareSQL
      tNG_insert.executeTransaction - execute sql*
      ERROR.Trigger_Default_Insert_RollBack
  tNG_insert.getRecordset
  tNG_insert.getFakeRsArr
  tNG_insert.getLocalRecordset
  tNG_insert.getFakeRecordset
  tNG_insert.getFakeRecordset
=== END MESSAGE ===
=== BEGIN MESSAGE ===
Client IP:
  ::1

Host:
  localhost

Requested URI:
  http://localhost/nezam/admin/plugins/projectreport/projectreport_add.php?id=!!!!wSCpsORHzTVhkdTEUDlhIM

Date:
  2017-09-16 18:52:03

Error:
  SQL error: Unknown column 'projectcode' in 'field list'.

Developer Details:
  SQL error: INSERT INTO projectreport (projectcode, visitdate, workstep, projectpercent, kargah, description, takhalofshahr, takhalofsazeh, takhalofmemari, takhaloftasisat, finaltext, status) values (null, '1396/06/25', 3, 22, '1', '&lt;p&gt;1&lt;/p&gt;
', '&lt;p&gt;2&lt;/p&gt;
', '&lt;p&gt;3&lt;/p&gt;
', '&lt;p&gt;4&lt;/p&gt;
', '&lt;p&gt;5&lt;/p&gt;
', '&lt;p&gt;6&lt;/p&gt;
', '1'). (SQL_ERROR)

tNG Execution Trace:
  tNG_insert.executeTransaction
    STARTER.Trigger_Default_Starter
    tNG_insert.doTransaction
      BEFORE.Trigger_Default_FormValidation
      tNG_insert.prepareSQL
      tNG_insert.executeTransaction - execute sql*
      ERROR.Trigger_Default_Insert_RollBack
  tNG_insert.getRecordset
  tNG_insert.getFakeRsArr
  tNG_insert.getLocalRecordset
  tNG_insert.getFakeRecordset
  tNG_insert.getFakeRecordset
=== END MESSAGE ===
=== BEGIN MESSAGE ===
Client IP:
  ::1

Host:
  localhost

Requested URI:
  http://localhost/nezam/admin/plugins/project/project_add.php

Date:
  2017-09-16 18:59:38

Error:
  SQL error: Column 'noekarbari' cannot be null.

Developer Details:
  SQL error: INSERT INTO project (fname, lname, codemeli, address, pelak, codeposti, noekarbari, sayerkarbari, constructiongroup, workstep, projectpercent, parvane, parvanecode, parvanedate, marjasodor, projectplace, projectcode, zirbana, satheshghal, saghf, vahed, vahedt, afzayeshbana, afzayeshsaghf, afzayeshmetr, finalzirbana, afzayeshsabt, afzayeshcode, comision, estehkam, estehkamnezam, status) values ('7', '7', '7', '7', '7', '7', null, null, 4, 5, 77, '0', null, '1396/06/25', 1, '2', '777', '7', '7', 7, 7, 7, '1', 7, '7', '7', '1', '7', '1', '1', '1', '1'). (SQL_ERROR)

tNG Execution Trace:
  tNG_insert.executeTransaction
    STARTER.Trigger_Default_Starter
    tNG_insert.doTransaction
      BEFORE.Trigger_Default_FormValidation
      tNG_insert.prepareSQL
      tNG_insert.executeTransaction - execute sql*
      ERROR.Trigger_Default_Insert_RollBack
  tNG_insert.getRecordset
  tNG_insert.getFakeRsArr
  tNG_insert.getLocalRecordset
  tNG_insert.getFakeRecordset
  tNG_insert.getFakeRecordset
=== END MESSAGE ===
=== BEGIN MESSAGE ===
Client IP:
  ::1

Host:
  localhost

Requested URI:
  http://localhost/nezam/admin/plugins/projectreport/projectreport_add.php?id=!!!!wAql67NTGTZBZYgUWpWn@@a

Date:
  2017-09-16 19:43:25

Error:
  SQL error: Column 'projecttrack' cannot be null.

Developer Details:
  SQL error: INSERT INTO projectreport (projecttrack, visitdate, workstep, projectpercent, kargah, description, takhalofshahr, takhalofsazeh, takhalofmemari, takhaloftasisat, finaltext, status) values (null, '1396/06/25', 4, 66, '1', '&lt;p&gt;6&lt;/p&gt;
', '&lt;p&gt;5&lt;/p&gt;
', '&lt;p&gt;4&lt;/p&gt;
', '&lt;p&gt;3&lt;/p&gt;
', '&lt;p&gt;2&lt;/p&gt;
', '&lt;p&gt;1&lt;/p&gt;
', '1'). (SQL_ERROR)

tNG Execution Trace:
  tNG_insert.executeTransaction
    STARTER.Trigger_Default_Starter
    tNG_insert.doTransaction
      BEFORE.Trigger_Default_FormValidation
      tNG_insert.prepareSQL
      tNG_insert.executeTransaction - execute sql*
      ERROR.Trigger_Default_Insert_RollBack
  tNG_insert.getRecordset
  tNG_insert.getFakeRsArr
  tNG_insert.getLocalRecordset
  tNG_insert.getFakeRecordset
  tNG_insert.getFakeRecordset
=== END MESSAGE ===
