=== BEGIN MESSAGE ===
Client IP:
  5.119.121.169

Host:
  payesh.bonyadmaskan.ir

Requested URI:
  https://payesh.bonyadmaskan.ir/portal/plugins/havades/file_add.php?cod=AlxXoElSYCScBbLVQFoRKqjO90TUv4UbyR3Ril3YCVzMrEEbZJEUWZUR&mode=edit

Date:
  2022-07-02 08:53:57

خطا:
  خطای بارگذاری فایل. <br><div style="display:none">File size must be less than 200 kB.</div>

Developer Details:
  خطای بارگذاری فایل. <br><div style="display:none">File size must be less than 200 kB.</div> (FILE_UPLOAD_ERROR)

tNG Execution Trace:
  tNG_insert.executeTransaction
    STARTER.Trigger_Default_Starter
    tNG_insert.doTransaction
      BEFORE.Trigger_Default_FormValidation
      tNG_insert.prepareSQL
      tNG_insert.executeTransaction - execute sql
      tNG_insert.postExecuteSql
      AFTER.Trigger_ImageUpload*
      ERROR.Trigger_Default_Insert_RollBack
  tNG_insert.getRecordset
  tNG_insert.getFakeRsArr
  tNG_insert.getLocalRecordset
  tNG_insert.getFakeRecordset
  tNG_insert.getFakeRecordset
=== END MESSAGE ===
=== BEGIN MESSAGE ===
Client IP:
  5.190.139.135

Host:
  payesh.bonyadmaskan.ir

Requested URI:
  https://payesh.bonyadmaskan.ir/portal/plugins/havale/havale_edit.php?id=M4254H2HjPG7eZTMgjp4jojO90TURR3MyZVdq92LUJzNDVWWkZHcURVQ&havalecode=!!kGIEPrm8lleo6CzwaWoYNgO60zZjxUQaJWQrtGUYV0ZTV1dqVjVxpVMyZzN2k3bKhjR40mZx5USmx0TwVTZ

Date:
  2022-07-02 10:23:33

خطا:
  خطای پایگاه داده. <br><div style="display:none">Column 'tedad' cannot be null</div>

Developer Details:
  خطای پایگاه داده. <br><div style="display:none">UPDATE havalat SET pcode='100005', tedad=null, mablagh=null, tax=null, tozihat=null WHERE id = 460301.</div> (SQL_ERROR)

tNG Execution Trace:
  tNG_update.executeTransaction
    STARTER.Trigger_Default_Starter
    tNG_update.doTransaction
      BEFORE.Trigger_Default_saveData
        tNG_update.saveData
      BEFORE.Trigger_Default_FormValidation
      tNG_update.prepareSQL
      tNG_update.executeTransaction - execute sql*
  tNG_update.getRecordset
  tNG_update.getFakeRsArr
  tNG_update.getLocalRecordset
  tNG_update.getFakeRecordset
=== END MESSAGE ===
=== BEGIN MESSAGE ===
Client IP:
  5.120.69.157

Host:
  payesh.bonyadmaskan.ir

Requested URI:
  https://payesh.bonyadmaskan.ir/portal/plugins/havades/file_add.php?cod=gUSZrDBCyButu3FGCaFzFrjO90TUNJGRplzc3YzNrAHSwUFVpRHdyp2Q&mode=edit

Date:
  2022-07-03 10:43:15

خطا:
  خطای بارگذاری فایل. <br><div style="display:none">File size must be less than 200 kB.</div>

Developer Details:
  خطای بارگذاری فایل. <br><div style="display:none">File size must be less than 200 kB.</div> (FILE_UPLOAD_ERROR)

tNG Execution Trace:
  tNG_insert.executeTransaction
    STARTER.Trigger_Default_Starter
    tNG_insert.doTransaction
      BEFORE.Trigger_Default_FormValidation
      tNG_insert.prepareSQL
      tNG_insert.executeTransaction - execute sql
      tNG_insert.postExecuteSql
      AFTER.Trigger_ImageUpload*
      ERROR.Trigger_Default_Insert_RollBack
  tNG_insert.getRecordset
  tNG_insert.getFakeRsArr
  tNG_insert.getLocalRecordset
  tNG_insert.getFakeRecordset
  tNG_insert.getFakeRecordset
=== END MESSAGE ===
=== BEGIN MESSAGE ===
Client IP:
  78.38.116.74

Host:
  payesh.bonyadmaskan.ir

Requested URI:
  https://payesh.bonyadmaskan.ir/portal/plugins/havades/file_add.php?cod=zaZFDtx6jntDvAhb$$pLojqjO90TQxtCVUlVaHRGS5EjU6V1ZkJXUDdGR&cod=zaZFDtx6jntDvAhb$$pLojqjO90TQxtCVUlVaHRGS5EjU6V1ZkJXUDdGR&mode=edit

Date:
  2022-07-03 11:23:31

خطا:
  خطای بارگذاری فایل. <br><div style="display:none">File size must be less than 200 kB.</div>

Developer Details:
  خطای بارگذاری فایل. <br><div style="display:none">File size must be less than 200 kB.</div> (FILE_UPLOAD_ERROR)

tNG Execution Trace:
  tNG_insert.executeTransaction
    STARTER.Trigger_Default_Starter
    tNG_insert.doTransaction
      BEFORE.Trigger_Default_FormValidation
      tNG_insert.prepareSQL
      tNG_insert.executeTransaction - execute sql
      tNG_insert.postExecuteSql
      AFTER.Trigger_ImageUpload*
      ERROR.Trigger_Default_Insert_RollBack
  tNG_insert.getRecordset
  tNG_insert.getFakeRsArr
  tNG_insert.getLocalRecordset
  tNG_insert.getFakeRecordset
  tNG_insert.getFakeRecordset
=== END MESSAGE ===
=== BEGIN MESSAGE ===
Client IP:
  78.38.116.74

Host:
  payesh.bonyadmaskan.ir

Requested URI:
  https://payesh.bonyadmaskan.ir/portal/plugins/havades/file_add.php?cod=IoRdVXOmh8TZEYBHjYyYGqjO90zdT9SShhzZM5EVykGZwAzbOhjd4Zjd&cod=IoRdVXOmh8TZEYBHjYyYGqjO90zdT9SShhzZM5EVykGZwAzbOhjd4Zjd&mode=edit

Date:
  2022-07-03 11:24:54

خطا:
  خطای بارگذاری فایل. <br><div style="display:none">File size must be less than 200 kB.</div>

Developer Details:
  خطای بارگذاری فایل. <br><div style="display:none">File size must be less than 200 kB.</div> (FILE_UPLOAD_ERROR)

tNG Execution Trace:
  tNG_insert.executeTransaction
    STARTER.Trigger_Default_Starter
    tNG_insert.doTransaction
      BEFORE.Trigger_Default_FormValidation
      tNG_insert.prepareSQL
      tNG_insert.executeTransaction - execute sql
      tNG_insert.postExecuteSql
      AFTER.Trigger_ImageUpload*
      ERROR.Trigger_Default_Insert_RollBack
  tNG_insert.getRecordset
  tNG_insert.getFakeRsArr
  tNG_insert.getLocalRecordset
  tNG_insert.getFakeRecordset
  tNG_insert.getFakeRecordset
=== END MESSAGE ===
=== BEGIN MESSAGE ===
Client IP:
  2.188.224.246

Host:
  payesh.bonyadmaskan.ir

Requested URI:
  https://payesh.bonyadmaskan.ir/portal/plugins/havades/file_add.php?cod=!!EbthQy94KYFp7bP4Ioec0sO60TTG5GZzMUYjpkQHlkcuRTe2B1QzkVRotGU69Gd1t2N3ZHNs5GNvcHcCJna&mode=edit

Date:
  2022-07-04 11:28:32

خطا:
  خطای بارگذاری فایل. <br><div style="display:none">File size must be less than 200 kB.</div>

Developer Details:
  خطای بارگذاری فایل. <br><div style="display:none">File size must be less than 200 kB.</div> (FILE_UPLOAD_ERROR)

tNG Execution Trace:
  tNG_insert.executeTransaction
    STARTER.Trigger_Default_Starter
    tNG_insert.doTransaction
      BEFORE.Trigger_Default_FormValidation
      tNG_insert.prepareSQL
      tNG_insert.executeTransaction - execute sql
      tNG_insert.postExecuteSql
      AFTER.Trigger_ImageUpload*
      ERROR.Trigger_Default_Insert_RollBack
  tNG_insert.getRecordset
  tNG_insert.getFakeRsArr
  tNG_insert.getLocalRecordset
  tNG_insert.getFakeRecordset
  tNG_insert.getFakeRecordset
=== END MESSAGE ===
=== BEGIN MESSAGE ===
Client IP:
  37.156.212.5

Host:
  payesh.bonyadmaskan.ir

Requested URI:
  https://payesh.bonyadmaskan.ir/portal/plugins/havades/file_add.php?cod=!!sjc82pdqD671DWaegUKp1lO60za1QTO0kmcLZmap1kd3FTZJ1WOIF2SDhTYr0kWRNFVZB3crN2RYJkVoVFW&mode=edit

Date:
  2022-07-04 12:01:03

خطا:
  خطای بارگذاری فایل. <br><div style="display:none">File size must be less than 200 kB.</div>

Developer Details:
  خطای بارگذاری فایل. <br><div style="display:none">File size must be less than 200 kB.</div> (FILE_UPLOAD_ERROR)

tNG Execution Trace:
  tNG_insert.executeTransaction
    STARTER.Trigger_Default_Starter
    tNG_insert.doTransaction
      BEFORE.Trigger_Default_FormValidation
      tNG_insert.prepareSQL
      tNG_insert.executeTransaction - execute sql
      tNG_insert.postExecuteSql
      AFTER.Trigger_ImageUpload*
      ERROR.Trigger_Default_Insert_RollBack
  tNG_insert.getRecordset
  tNG_insert.getFakeRsArr
  tNG_insert.getLocalRecordset
  tNG_insert.getFakeRecordset
  tNG_insert.getFakeRecordset
=== END MESSAGE ===
=== BEGIN MESSAGE ===
Client IP:
  93.126.33.1

Host:
  payesh.bonyadmaskan.ir

Requested URI:
  https://payesh.bonyadmaskan.ir/portal/plugins/havades/file_add.php?cod=!!sV6HvcRum9P5zlkvX9BTUvO60TVQhkTYJ2NuRzZ4t2Mkh3RwUjNj9kcthWa4QTRUtkdH5EM2c3Mkt2LqhHM&cod=!!sV6HvcRum9P5zlkvX9BTUvO60TVQhkTYJ2NuRzZ4t2Mkh3RwUjNj9kcthWa4QTRUtkdH5EM2c3Mkt2LqhHM&mode=edit

Date:
  2022-07-05 13:10:47

خطا:
  خطای بارگذاری فایل. <br><div style="display:none">File size must be less than 200 kB.</div>

Developer Details:
  خطای بارگذاری فایل. <br><div style="display:none">File size must be less than 200 kB.</div> (FILE_UPLOAD_ERROR)

tNG Execution Trace:
  tNG_insert.executeTransaction
    STARTER.Trigger_Default_Starter
    tNG_insert.doTransaction
      BEFORE.Trigger_Default_FormValidation
      tNG_insert.prepareSQL
      tNG_insert.executeTransaction - execute sql
      tNG_insert.postExecuteSql
      AFTER.Trigger_ImageUpload*
      ERROR.Trigger_Default_Insert_RollBack
  tNG_insert.getRecordset
  tNG_insert.getFakeRsArr
  tNG_insert.getLocalRecordset
  tNG_insert.getFakeRecordset
  tNG_insert.getFakeRecordset
=== END MESSAGE ===
=== BEGIN MESSAGE ===
Client IP:
  93.126.33.1

Host:
  payesh.bonyadmaskan.ir

Requested URI:
  https://payesh.bonyadmaskan.ir/portal/plugins/havades/file_add.php?cod=!!MeC5w7r3eD4VfxuwdVCyAtO60TT3QWbyEGS1x0U4JnSVp0cjpWbvh3ai5GMSBXQwREUxkXQHtCSFRTatpUM&cod=!!MeC5w7r3eD4VfxuwdVCyAtO60TT3QWbyEGS1x0U4JnSVp0cjpWbvh3ai5GMSBXQwREUxkXQHtCSFRTatpUM&mode=edit

Date:
  2022-07-06 08:07:27

خطا:
  خطای بارگذاری فایل. <br><div style="display:none">File size must be less than 200 kB.</div>

Developer Details:
  خطای بارگذاری فایل. <br><div style="display:none">File size must be less than 200 kB.</div> (FILE_UPLOAD_ERROR)

tNG Execution Trace:
  tNG_insert.executeTransaction
    STARTER.Trigger_Default_Starter
    tNG_insert.doTransaction
      BEFORE.Trigger_Default_FormValidation
      tNG_insert.prepareSQL
      tNG_insert.executeTransaction - execute sql
      tNG_insert.postExecuteSql
      AFTER.Trigger_ImageUpload*
      ERROR.Trigger_Default_Insert_RollBack
  tNG_insert.getRecordset
  tNG_insert.getFakeRsArr
  tNG_insert.getLocalRecordset
  tNG_insert.getFakeRecordset
  tNG_insert.getFakeRecordset
=== END MESSAGE ===
=== BEGIN MESSAGE ===
Client IP:
  93.126.33.1

Host:
  payesh.bonyadmaskan.ir

Requested URI:
  https://payesh.bonyadmaskan.ir/portal/plugins/havades/file_add.php?cod=!!MeC5w7r3eD4VfxuwdVCyAtO60TT3QWbyEGS1x0U4JnSVp0cjpWbvh3ai5GMSBXQwREUxkXQHtCSFRTatpUM&cod=!!MeC5w7r3eD4VfxuwdVCyAtO60TT3QWbyEGS1x0U4JnSVp0cjpWbvh3ai5GMSBXQwREUxkXQHtCSFRTatpUM&mode=edit

Date:
  2022-07-06 08:07:28

خطا:
  خطای بارگذاری فایل. <br><div style="display:none">File size must be less than 200 kB.</div>

Developer Details:
  خطای بارگذاری فایل. <br><div style="display:none">File size must be less than 200 kB.</div> (FILE_UPLOAD_ERROR)

tNG Execution Trace:
  tNG_insert.executeTransaction
    STARTER.Trigger_Default_Starter
    tNG_insert.doTransaction
      BEFORE.Trigger_Default_FormValidation
      tNG_insert.prepareSQL
      tNG_insert.executeTransaction - execute sql
      tNG_insert.postExecuteSql
      AFTER.Trigger_ImageUpload*
      ERROR.Trigger_Default_Insert_RollBack
  tNG_insert.getRecordset
  tNG_insert.getFakeRsArr
  tNG_insert.getLocalRecordset
  tNG_insert.getFakeRecordset
  tNG_insert.getFakeRecordset
=== END MESSAGE ===
=== BEGIN MESSAGE ===
Client IP:
  185.126.42.222

Host:
  payesh.bonyadmaskan.ir

Requested URI:
  https://payesh.bonyadmaskan.ir/portal/plugins/havades/file_add.php?cod=jebMDMrgR$$B@@PXSy91RKfqjO90zd0lFcrYUWhx0cNNGUYN3VhhEURhle&mode=edit

Date:
  2022-07-06 12:42:22

خطا:
  خطای بارگذاری فایل. <br><div style="display:none">File extension not allowed for upload.</div>

Developer Details:
  خطای بارگذاری فایل. <br><div style="display:none">File extension "docx" is not allowed for upload.</div> (FILE_UPLOAD_ERROR)

tNG Execution Trace:
  tNG_insert.executeTransaction
    STARTER.Trigger_Default_Starter
    tNG_insert.doTransaction
      BEFORE.Trigger_Default_FormValidation
      tNG_insert.prepareSQL
      tNG_insert.executeTransaction - execute sql
      tNG_insert.postExecuteSql
      AFTER.Trigger_ImageUpload*
      ERROR.Trigger_Default_Insert_RollBack
  tNG_insert.getRecordset
  tNG_insert.getFakeRsArr
  tNG_insert.getLocalRecordset
  tNG_insert.getFakeRecordset
  tNG_insert.getFakeRecordset
=== END MESSAGE ===
=== BEGIN MESSAGE ===
Client IP:
  185.126.42.222

Host:
  payesh.bonyadmaskan.ir

Requested URI:
  https://payesh.bonyadmaskan.ir/portal/plugins/havades/file_add.php?cod=jebMDMrgR$$B@@PXSy91RKfqjO90zd0lFcrYUWhx0cNNGUYN3VhhEURhle&mode=edit

Date:
  2022-07-06 12:42:48

خطا:
  خطای بارگذاری فایل. <br><div style="display:none">File extension not allowed for upload.</div>

Developer Details:
  خطای بارگذاری فایل. <br><div style="display:none">File extension "docx" is not allowed for upload.</div> (FILE_UPLOAD_ERROR)

tNG Execution Trace:
  tNG_insert.executeTransaction
    STARTER.Trigger_Default_Starter
    tNG_insert.doTransaction
      BEFORE.Trigger_Default_FormValidation
      tNG_insert.prepareSQL
      tNG_insert.executeTransaction - execute sql
      tNG_insert.postExecuteSql
      AFTER.Trigger_ImageUpload*
      ERROR.Trigger_Default_Insert_RollBack
  tNG_insert.getRecordset
  tNG_insert.getFakeRsArr
  tNG_insert.getLocalRecordset
  tNG_insert.getFakeRecordset
  tNG_insert.getFakeRecordset
=== END MESSAGE ===
=== BEGIN MESSAGE ===
Client IP:
  185.126.42.222

Host:
  payesh.bonyadmaskan.ir

Requested URI:
  https://payesh.bonyadmaskan.ir/portal/plugins/havades/file_add.php?cod=jebMDMrgR$$B@@PXSy91RKfqjO90zd0lFcrYUWhx0cNNGUYN3VhhEURhle&mode=edit

Date:
  2022-07-06 12:43:43

خطا:
  خطای بارگذاری فایل. <br><div style="display:none">File extension not allowed for upload.</div>

Developer Details:
  خطای بارگذاری فایل. <br><div style="display:none">File extension "dwg" is not allowed for upload.</div> (FILE_UPLOAD_ERROR)

tNG Execution Trace:
  tNG_insert.executeTransaction
    STARTER.Trigger_Default_Starter
    tNG_insert.doTransaction
      BEFORE.Trigger_Default_FormValidation
      tNG_insert.prepareSQL
      tNG_insert.executeTransaction - execute sql
      tNG_insert.postExecuteSql
      AFTER.Trigger_ImageUpload*
      ERROR.Trigger_Default_Insert_RollBack
  tNG_insert.getRecordset
  tNG_insert.getFakeRsArr
  tNG_insert.getLocalRecordset
  tNG_insert.getFakeRecordset
  tNG_insert.getFakeRecordset
=== END MESSAGE ===
=== BEGIN MESSAGE ===
Client IP:
  5.120.57.247

Host:
  payesh.bonyadmaskan.ir

Requested URI:
  https://payesh.bonyadmaskan.ir/portal/plugins/havades/file_add.php?cod=NgfXVV9LQrOf2$$drP2TtkojO90zZlFmQOlWVzh0Ur42ZohDZGljcTVzU&mode=edit

Date:
  2022-07-07 08:39:29

خطا:
  خطای بارگذاری فایل. <br><div style="display:none">File size must be less than 200 kB.</div>

Developer Details:
  خطای بارگذاری فایل. <br><div style="display:none">File size must be less than 200 kB.</div> (FILE_UPLOAD_ERROR)

tNG Execution Trace:
  tNG_insert.executeTransaction
    STARTER.Trigger_Default_Starter
    tNG_insert.doTransaction
      BEFORE.Trigger_Default_FormValidation
      tNG_insert.prepareSQL
      tNG_insert.executeTransaction - execute sql
      tNG_insert.postExecuteSql
      AFTER.Trigger_ImageUpload*
      ERROR.Trigger_Default_Insert_RollBack
  tNG_insert.getRecordset
  tNG_insert.getFakeRsArr
  tNG_insert.getLocalRecordset
  tNG_insert.getFakeRecordset
  tNG_insert.getFakeRecordset
=== END MESSAGE ===
=== BEGIN MESSAGE ===
Client IP:
  151.238.194.31

Host:
  payesh.bonyadmaskan.ir

Requested URI:
  https://payesh.bonyadmaskan.ir/portal/plugins/havades/dastresy_add.php?cod=ioB19O9gmlkgNQP7o4X$$XrjO90TQNFzcId1ZXlVbGJ1Zn9kNWtydSt0M&mode=edit

Date:
  2022-07-07 11:24:14

خطا:
  خطای پایگاه داده. <br><div style="display:none">Data too long for column 'mob' at row 1</div>

Developer Details:
  خطای پایگاه داده. <br><div style="display:none">UPDATE hadese SET codeposti='88619-37311', xpos='32.352879059911', ypos='49.880007449025', xyzutm=null, adres='گراب', tel=null, mob='09139836316                                                                                                                                  کل مبلغ به حساب بنیاد مسکن واریز شود                             ', pelaksabti=null, mojnahr=0, mojrod=0, mojbargh=0, mojgaz=0, mojrah=1, malekdastresi='1', mojsayer=0, tozihat=null, rahnamanesbat='خودش', rahnamaname='مجید علی جانی علی جانوند', karshcode=null, karshdate='1400/08/12', ehdasstatus='2', peymanid=null, moshaverid=null, contracttype=null, contractcode=null, contractdate=null WHERE code = '16353098266644'.</div> (SQL_ERROR)

tNG Execution Trace:
  tNG_update.executeTransaction
    STARTER.Trigger_Default_Starter
    tNG_update.doTransaction
      BEFORE.Trigger_Default_saveData
        tNG_update.saveData
      BEFORE.Trigger_Default_FormValidation
      tNG_update.prepareSQL
      tNG_update.executeTransaction - execute sql*
  tNG_update.getRecordset
  tNG_update.getFakeRsArr
  tNG_update.getLocalRecordset
  tNG_update.getFakeRecordset
=== END MESSAGE ===
=== BEGIN MESSAGE ===
Client IP:
  151.238.194.31

Host:
  payesh.bonyadmaskan.ir

Requested URI:
  https://payesh.bonyadmaskan.ir/portal/plugins/havades/dastresy_add.php?cod=ioB19O9gmlkgNQP7o4X$$XrjO90TQNFzcId1ZXlVbGJ1Zn9kNWtydSt0M&mode=edit

Date:
  2022-07-07 11:25:01

خطا:
  خطای پایگاه داده. <br><div style="display:none">Data too long for column 'mob' at row 1</div>

Developer Details:
  خطای پایگاه داده. <br><div style="display:none">UPDATE hadese SET codeposti='88619-37311', xpos='32.352879059911', ypos='49.880007449025', xyzutm=null, adres='گراب', tel=null, mob='09139836316                                                                                                                                  کل مبلغ به حساب بنیاد مسکن واریز شود', pelaksabti=null, mojnahr=0, mojrod=0, mojbargh=0, mojgaz=0, mojrah=1, malekdastresi='1', mojsayer=0, tozihat=null, rahnamanesbat='خودش', rahnamaname='مجید علی جانی علی جانوند', karshcode=null, karshdate='1400/08/12', ehdasstatus='2', peymanid=null, moshaverid=null, contracttype=null, contractcode=null, contractdate=null WHERE code = '16353098266644'.</div> (SQL_ERROR)

tNG Execution Trace:
  tNG_update.executeTransaction
    STARTER.Trigger_Default_Starter
    tNG_update.doTransaction
      BEFORE.Trigger_Default_saveData
        tNG_update.saveData
      BEFORE.Trigger_Default_FormValidation
      tNG_update.prepareSQL
      tNG_update.executeTransaction - execute sql*
  tNG_update.getRecordset
  tNG_update.getFakeRsArr
  tNG_update.getLocalRecordset
  tNG_update.getFakeRecordset
=== END MESSAGE ===
=== BEGIN MESSAGE ===
Client IP:
  45.155.193.217

Host:
  payesh.bonyadmaskan.ir

Requested URI:
  https://payesh.bonyadmaskan.ir/portal/plugins/havades/melktakmil_edit.php?id=K8m1AzCnmZH7tsjJ5iRBaqjO90zdWVkTXtyNkJFaLF2KIVnWjVna4Alb

Date:
  2022-07-09 08:03:11

خطا:
  خطای پایگاه داده. <br><div style="display:none">Column 'tabaghe' cannot be null</div>

Developer Details:
  خطای پایگاه داده. <br><div style="display:none">UPDATE melk_detail SET tabaghe=null, maskoniv=null, maskonim=null, tejariv=null, tejarim=null, tejmasv=null, tejmasm=null, khadv=null, khadm=null, edariv=null, edarim=null, malek='محسن فتحی میکی' WHERE id = 49336.</div> (SQL_ERROR)

tNG Execution Trace:
  tNG_update.executeTransaction
    STARTER.Trigger_Default_Starter
    tNG_update.doTransaction
      BEFORE.Trigger_Default_saveData
        tNG_update.saveData
      BEFORE.Trigger_Default_FormValidation
      tNG_update.prepareSQL
      tNG_update.executeTransaction - execute sql*
  tNG_update.getRecordset
  tNG_update.getFakeRsArr
  tNG_update.getLocalRecordset
  tNG_update.getFakeRecordset
=== END MESSAGE ===
=== BEGIN MESSAGE ===
Client IP:
  37.255.207.5

Host:
  payesh.bonyadmaskan.ir

Requested URI:
  https://payesh.bonyadmaskan.ir/portal/plugins/havades/file_add.php?cod=R$$XfTMNnOIGJWDpSL@@xGrojO90TQZhXMJZDRvw0R1NlYpVERWlVe0pkR&cod=R$$XfTMNnOIGJWDpSL@@xGrojO90TQZhXMJZDRvw0R1NlYpVERWlVe0pkR&mode=edit

Date:
  2022-07-09 08:11:27

خطا:
  خطای بارگذاری فایل. <br><div style="display:none">File size must be less than 200 kB.</div>

Developer Details:
  خطای بارگذاری فایل. <br><div style="display:none">File size must be less than 200 kB.</div> (FILE_UPLOAD_ERROR)

tNG Execution Trace:
  tNG_insert.executeTransaction
    STARTER.Trigger_Default_Starter
    tNG_insert.doTransaction
      BEFORE.Trigger_Default_FormValidation
      tNG_insert.prepareSQL
      tNG_insert.executeTransaction - execute sql
      tNG_insert.postExecuteSql
      AFTER.Trigger_ImageUpload*
      ERROR.Trigger_Default_Insert_RollBack
  tNG_insert.getRecordset
  tNG_insert.getFakeRsArr
  tNG_insert.getLocalRecordset
  tNG_insert.getFakeRecordset
  tNG_insert.getFakeRecordset
=== END MESSAGE ===
=== BEGIN MESSAGE ===
Client IP:
  37.255.207.5

Host:
  payesh.bonyadmaskan.ir

Requested URI:
  https://payesh.bonyadmaskan.ir/portal/plugins/havades/file_add.php?cod=zneRcEmRcxCJgQKPX7nBNrjO90zZFV0Q4FVYxRkYXdTeDpmaVZlVCpFe&cod=zneRcEmRcxCJgQKPX7nBNrjO90zZFV0Q4FVYxRkYXdTeDpmaVZlVCpFe&mode=edit

Date:
  2022-07-09 09:14:19

خطا:
  خطای پایگاه داده. <br><div style="display:none">Data too long for column 'name' at row 1</div>

Developer Details:
  خطای پایگاه داده. <br><div style="display:none">INSERT INTO hadese_file (hcode, type, name, file, active, user, sdate) values ('15559142937622', '2', 'نامه تسویه فسخ قرارداد بانک با متقاضی', '', '1', 'a100701', '1401/04/18').</div> (SQL_ERROR)

tNG Execution Trace:
  tNG_insert.executeTransaction
    STARTER.Trigger_Default_Starter
    tNG_insert.doTransaction
      BEFORE.Trigger_Default_FormValidation
      tNG_insert.prepareSQL
      tNG_insert.executeTransaction - execute sql*
      ERROR.Trigger_Default_Insert_RollBack
  tNG_insert.getRecordset
  tNG_insert.getFakeRsArr
  tNG_insert.getLocalRecordset
  tNG_insert.getFakeRecordset
  tNG_insert.getFakeRecordset
=== END MESSAGE ===
=== BEGIN MESSAGE ===
Client IP:
  37.255.207.5

Host:
  payesh.bonyadmaskan.ir

Requested URI:
  https://payesh.bonyadmaskan.ir/portal/plugins/havades/file_add.php?cod=zneRcEmRcxCJgQKPX7nBNrjO90zZFV0Q4FVYxRkYXdTeDpmaVZlVCpFe&cod=zneRcEmRcxCJgQKPX7nBNrjO90zZFV0Q4FVYxRkYXdTeDpmaVZlVCpFe&mode=edit

Date:
  2022-07-09 09:14:58

خطا:
  خطای پایگاه داده. <br><div style="display:none">Data too long for column 'name' at row 1</div>

Developer Details:
  خطای پایگاه داده. <br><div style="display:none">INSERT INTO hadese_file (hcode, type, name, file, active, user, sdate) values ('15559142937622', '2', 'نامه تسویه  و فسخ قرارداد بانک با متقاضی', '', '1', 'a100701', '1401/04/18').</div> (SQL_ERROR)

tNG Execution Trace:
  tNG_insert.executeTransaction
    STARTER.Trigger_Default_Starter
    tNG_insert.doTransaction
      BEFORE.Trigger_Default_FormValidation
      tNG_insert.prepareSQL
      tNG_insert.executeTransaction - execute sql*
      ERROR.Trigger_Default_Insert_RollBack
  tNG_insert.getRecordset
  tNG_insert.getFakeRsArr
  tNG_insert.getLocalRecordset
  tNG_insert.getFakeRecordset
  tNG_insert.getFakeRecordset
=== END MESSAGE ===
=== BEGIN MESSAGE ===
Client IP:
  37.255.207.5

Host:
  payesh.bonyadmaskan.ir

Requested URI:
  https://payesh.bonyadmaskan.ir/portal/plugins/havades/file_add.php?cod=zneRcEmRcxCJgQKPX7nBNrjO90zZFV0Q4FVYxRkYXdTeDpmaVZlVCpFe&cod=zneRcEmRcxCJgQKPX7nBNrjO90zZFV0Q4FVYxRkYXdTeDpmaVZlVCpFe&mode=edit

Date:
  2022-07-09 09:16:20

خطا:
  خطای پایگاه داده. <br><div style="display:none">Data too long for column 'name' at row 1</div>

Developer Details:
  خطای پایگاه داده. <br><div style="display:none">INSERT INTO hadese_file (hcode, type, name, file, active, user, sdate) values ('15559142937622', '2', 'نامه تسویه  و فسخ قرارداد بانک با متقاضی', '', '1', 'a100701', '1401/04/18').</div> (SQL_ERROR)

tNG Execution Trace:
  tNG_insert.executeTransaction
    STARTER.Trigger_Default_Starter
    tNG_insert.doTransaction
      BEFORE.Trigger_Default_FormValidation
      tNG_insert.prepareSQL
      tNG_insert.executeTransaction - execute sql*
      ERROR.Trigger_Default_Insert_RollBack
  tNG_insert.getRecordset
  tNG_insert.getFakeRsArr
  tNG_insert.getLocalRecordset
  tNG_insert.getFakeRecordset
  tNG_insert.getFakeRecordset
=== END MESSAGE ===
=== BEGIN MESSAGE ===
Client IP:
  5.250.118.239

Host:
  payesh.bonyadmaskan.ir

Requested URI:
  https://payesh.bonyadmaskan.ir/portal/plugins/havades/makan_add.php?cod=YVsKfS7Y6@@m6Eek1GmSH3pjO90TUixkYwQXZ41mboNGdDZVNPN3bh9EN&mode=edit

Date:
  2022-07-10 18:06:14

خطا:
  خطای بارگذاری فایل. <br><div style="display:none">File extension not allowed for upload.</div>

Developer Details:
  خطای بارگذاری فایل. <br><div style="display:none">File extension "pdf" is not allowed for upload.</div> (FILE_UPLOAD_ERROR)

tNG Execution Trace:
  tNG_insert.executeTransaction
    STARTER.Trigger_Default_Starter
  tNG_update.executeTransaction
    STARTER.Trigger_Default_Starter
    tNG_update.doTransaction
      BEFORE.Trigger_Default_saveData
        tNG_update.saveData
      BEFORE.Trigger_Default_FormValidation
      tNG_update.prepareSQL
      tNG_update.executeTransaction - execute sql
      AFTER.Trigger_ImageUpload*
  tNG_insert.getRecordset
  tNG_insert.getLocalRecordset
  tNG_insert.getFakeRecordset
  tNG_update.getRecordset
  tNG_update.getFakeRsArr
  tNG_update.getLocalRecordset
  tNG_update.getFakeRecordset
=== END MESSAGE ===
=== BEGIN MESSAGE ===
Client IP:
  151.232.91.137

Host:
  payesh.bonyadmaskan.ir

Requested URI:
  https://payesh.bonyadmaskan.ir/portal/plugins/havale/havale_edit.php?id=Zf@@cRX5ilDGPeinoelq3vpjO90TQwsWYxdTZ6RkaHN0dPRjcVdDTwtiZ&havalecode=!!EraRhIWv69V0krO2F@@eCPnO60zZalja1V2M4Z3Mxg1SmVzbzE0ZDJDaNxWc4JEa5gkRvQTTsR3LiFEW4Q0d

Date:
  2022-07-11 10:37:24

خطا:
  خطای پایگاه داده. <br><div style="display:none">Column 'tedad' cannot be null</div>

Developer Details:
  خطای پایگاه داده. <br><div style="display:none">UPDATE havalat SET pcode='100005', tedad=null, mablagh=null, tax=null, tozihat=null WHERE id = 461400.</div> (SQL_ERROR)

tNG Execution Trace:
  tNG_update.executeTransaction
    STARTER.Trigger_Default_Starter
    tNG_update.doTransaction
      BEFORE.Trigger_Default_saveData
        tNG_update.saveData
      BEFORE.Trigger_Default_FormValidation
      tNG_update.prepareSQL
      tNG_update.executeTransaction - execute sql*
  tNG_update.getRecordset
  tNG_update.getFakeRsArr
  tNG_update.getLocalRecordset
  tNG_update.getFakeRecordset
=== END MESSAGE ===
=== BEGIN MESSAGE ===
Client IP:
  2.182.137.196

Host:
  payesh.bonyadmaskan.ir

Requested URI:
  https://payesh.bonyadmaskan.ir/portal/plugins/havades/payankar_add.php?cod=$$hx8C9Vvt51pu8XjvB9f9pjO90zZJJlWK9UTXZTTh9CN00Ub1M0d4dkU&mode=edit

Date:
  2022-07-13 09:38:00

خطا:
  خطای پایگاه داده. <br><div style="display:none">Column 'bakhsh' cannot be null</div>

Developer Details:
  خطای پایگاه داده. <br><div style="display:none">UPDATE hadese SET payankarstatus='1', payankardate=null, pelaksabti=null, adres='النجارق', karbari='1', ostan='03', shahrestan='0310', bakhsh=null, shahr=null, rosta=null WHERE code = '16103557114075'.</div> (SQL_ERROR)

tNG Execution Trace:
  tNG_update.executeTransaction
    STARTER.Trigger_Default_Starter
    tNG_update.doTransaction
      BEFORE.Trigger_Default_saveData
        tNG_update.saveData
      BEFORE.Trigger_Default_FormValidation
      tNG_update.prepareSQL
      tNG_update.executeTransaction - execute sql*
  tNG_update.getRecordset
  tNG_update.getFakeRsArr
  tNG_update.getLocalRecordset
  tNG_update.getFakeRecordset
=== END MESSAGE ===
=== BEGIN MESSAGE ===
Client IP:
  5.121.230.216

Host:
  payesh.bonyadmaskan.ir

Requested URI:
  https://payesh.bonyadmaskan.ir/portal/plugins/havades/melktakmil_add.php?cod=Vf79Jalu8ofyW4Q14b1UgpjO90TQyo0R0hHevFTUtp0LTZnRrNUOz40Q&mode=edit

Date:
  2022-07-17 14:22:54

خطا:
  خطای پایگاه داده. <br><div style="display:none">Column 'tabaghe' cannot be null</div>

Developer Details:
  خطای پایگاه داده. <br><div style="display:none">INSERT INTO melk_detail (hcode, tabaghe, maskoniv, maskonim, tejariv, tejarim, tejmasv, tejmasm, khadv, khadm, edariv, edarim, mazhabiv, mazhabim, malek, user, sdate, active) values ('15854667116711', null, '1', '80', null, null, null, null, null, null, null, null, null, null, 'طیب عمر زاده', 'a040301', '1401/04/26', '1').</div> (SQL_ERROR)

tNG Execution Trace:
  tNG_insert.executeTransaction
    STARTER.Trigger_Default_Starter
    tNG_insert.doTransaction
      BEFORE.Trigger_Default_FormValidation
      tNG_insert.prepareSQL
      tNG_insert.executeTransaction - execute sql*
      ERROR.Trigger_Default_Insert_RollBack
  tNG_insert.getRecordset
  tNG_insert.getFakeRsArr
  tNG_insert.getLocalRecordset
  tNG_insert.getFakeRecordset
  tNG_insert.getFakeRecordset
=== END MESSAGE ===
=== BEGIN MESSAGE ===
Client IP:
  172.16.90.5

Host:
  payesh.bonyadmaskan.ir

Requested URI:
  https://payesh.bonyadmaskan.ir/portal/plugins/product/product_add.php

Date:
  2022-07-19 14:48:20

خطا:
  خطای پایگاه داده. <br><div style="display:none">Duplicate entry '100114' for key 'code'</div>

Developer Details:
  خطای پایگاه داده. <br><div style="display:none">INSERT INTO product (code, name, cat, vahed, price, maxregister, tax, rayvarzcode, tozihat, sort, active) values ('100114', 'اسکلت 60 متر مربعی جدید - دو لایه پوشش اپوکسی	', 5, 11, null, '1', '1', null, '                                                ز', '115', '1').</div> (SQL_ERROR)

tNG Execution Trace:
  tNG_insert.executeTransaction
    STARTER.Trigger_Default_Starter
    tNG_insert.doTransaction
      BEFORE.Trigger_Default_FormValidation
      tNG_insert.prepareSQL
      tNG_insert.executeTransaction - execute sql*
      ERROR.Trigger_Default_Insert_RollBack
  tNG_insert.getRecordset
  tNG_insert.getFakeRsArr
  tNG_insert.getLocalRecordset
  tNG_insert.getFakeRecordset
  tNG_insert.getFakeRecordset
=== END MESSAGE ===
=== BEGIN MESSAGE ===
Client IP:
  5.120.152.57

Host:
  payesh.bonyadmaskan.ir

Requested URI:
  https://payesh.bonyadmaskan.ir/portal/plugins/havades/file_add.php?cod=XPhrObGe4F5PsxPZxk5GXojO90zdIVmdqBjROdzdL9kdVJmbDdmZ19UV&mode=edit

Date:
  2022-07-20 10:52:27

خطا:
  خطای بارگذاری فایل. <br><div style="display:none">File size must be less than 200 kB.</div>

Developer Details:
  خطای بارگذاری فایل. <br><div style="display:none">File size must be less than 200 kB.</div> (FILE_UPLOAD_ERROR)

tNG Execution Trace:
  tNG_insert.executeTransaction
    STARTER.Trigger_Default_Starter
    tNG_insert.doTransaction
      BEFORE.Trigger_Default_FormValidation
      tNG_insert.prepareSQL
      tNG_insert.executeTransaction - execute sql
      tNG_insert.postExecuteSql
      AFTER.Trigger_ImageUpload*
      ERROR.Trigger_Default_Insert_RollBack
  tNG_insert.getRecordset
  tNG_insert.getFakeRsArr
  tNG_insert.getLocalRecordset
  tNG_insert.getFakeRecordset
  tNG_insert.getFakeRecordset
=== END MESSAGE ===
=== BEGIN MESSAGE ===
Client IP:
  5.120.152.57

Host:
  payesh.bonyadmaskan.ir

Requested URI:
  https://payesh.bonyadmaskan.ir/portal/plugins/havades/file_add.php?cod=XPhrObGe4F5PsxPZxk5GXojO90zdIVmdqBjROdzdL9kdVJmbDdmZ19UV&mode=edit

Date:
  2022-07-20 10:53:32

خطا:
  خطای بارگذاری فایل. <br><div style="display:none">File size must be less than 200 kB.</div>

Developer Details:
  خطای بارگذاری فایل. <br><div style="display:none">File size must be less than 200 kB.</div> (FILE_UPLOAD_ERROR)

tNG Execution Trace:
  tNG_insert.executeTransaction
    STARTER.Trigger_Default_Starter
    tNG_insert.doTransaction
      BEFORE.Trigger_Default_FormValidation
      tNG_insert.prepareSQL
      tNG_insert.executeTransaction - execute sql
      tNG_insert.postExecuteSql
      AFTER.Trigger_ImageUpload*
      ERROR.Trigger_Default_Insert_RollBack
  tNG_insert.getRecordset
  tNG_insert.getFakeRsArr
  tNG_insert.getLocalRecordset
  tNG_insert.getFakeRecordset
  tNG_insert.getFakeRecordset
=== END MESSAGE ===
=== BEGIN MESSAGE ===
Client IP:
  5.120.152.57

Host:
  payesh.bonyadmaskan.ir

Requested URI:
  https://payesh.bonyadmaskan.ir/portal/plugins/havades/file_add.php?cod=XPhrObGe4F5PsxPZxk5GXojO90zdIVmdqBjROdzdL9kdVJmbDdmZ19UV&mode=edit

Date:
  2022-07-20 10:54:41

خطا:
  خطای بارگذاری فایل. <br><div style="display:none">File size must be less than 200 kB.</div>

Developer Details:
  خطای بارگذاری فایل. <br><div style="display:none">File size must be less than 200 kB.</div> (FILE_UPLOAD_ERROR)

tNG Execution Trace:
  tNG_insert.executeTransaction
    STARTER.Trigger_Default_Starter
    tNG_insert.doTransaction
      BEFORE.Trigger_Default_FormValidation
      tNG_insert.prepareSQL
      tNG_insert.executeTransaction - execute sql
      tNG_insert.postExecuteSql
      AFTER.Trigger_ImageUpload*
      ERROR.Trigger_Default_Insert_RollBack
  tNG_insert.getRecordset
  tNG_insert.getFakeRsArr
  tNG_insert.getLocalRecordset
  tNG_insert.getFakeRecordset
  tNG_insert.getFakeRecordset
=== END MESSAGE ===
=== BEGIN MESSAGE ===
Client IP:
  37.129.122.74

Host:
  payesh.bonyadmaskan.ir

Requested URI:
  https://payesh.bonyadmaskan.ir/portal/plugins/havades/file_add.php?cod=DbAOpszu758v34obfBgSupjO90zZNdjehVkbCN0bVVVU6h3RzsUNj1Wb&mode=edit

Date:
  2022-07-20 12:35:32

خطا:
  خطای بارگذاری فایل. <br><div style="display:none">File size must be less than 200 kB.</div>

Developer Details:
  خطای بارگذاری فایل. <br><div style="display:none">File size must be less than 200 kB.</div> (FILE_UPLOAD_ERROR)

tNG Execution Trace:
  tNG_insert.executeTransaction
    STARTER.Trigger_Default_Starter
    tNG_insert.doTransaction
      BEFORE.Trigger_Default_FormValidation
      tNG_insert.prepareSQL
      tNG_insert.executeTransaction - execute sql
      tNG_insert.postExecuteSql
      AFTER.Trigger_ImageUpload*
      ERROR.Trigger_Default_Insert_RollBack
  tNG_insert.getRecordset
  tNG_insert.getFakeRsArr
  tNG_insert.getLocalRecordset
  tNG_insert.getFakeRecordset
  tNG_insert.getFakeRecordset
=== END MESSAGE ===
=== BEGIN MESSAGE ===
Client IP:
  188.136.216.245

Host:
  payesh.bonyadmaskan.ir

Requested URI:
  https://payesh.bonyadmaskan.ir/portal/plugins/havades/file_add.php?cod=wIlVbOJjPh1fMGyvlpPCypjO90zZ4oHV4hjaPFHM2oGa6pnc1smQC9Ce&cod=wIlVbOJjPh1fMGyvlpPCypjO90zZ4oHV4hjaPFHM2oGa6pnc1smQC9Ce&mode=edit

Date:
  2022-07-20 12:37:36

خطا:
  خطای پایگاه داده. <br><div style="display:none">Data too long for column 'name' at row 1</div>

Developer Details:
  خطای پایگاه داده. <br><div style="display:none">INSERT INTO hadese_file (hcode, type, name, file, active, user, sdate) values ('15561211698915', '2', 'نامه عدم دریافت تسهیلات از طرف بانک', '', '1', 'ostank1001', '1401/04/29').</div> (SQL_ERROR)

tNG Execution Trace:
  tNG_insert.executeTransaction
    STARTER.Trigger_Default_Starter
    tNG_insert.doTransaction
      BEFORE.Trigger_Default_FormValidation
      tNG_insert.prepareSQL
      tNG_insert.executeTransaction - execute sql*
      ERROR.Trigger_Default_Insert_RollBack
  tNG_insert.getRecordset
  tNG_insert.getFakeRsArr
  tNG_insert.getLocalRecordset
  tNG_insert.getFakeRecordset
  tNG_insert.getFakeRecordset
=== END MESSAGE ===
=== BEGIN MESSAGE ===
Client IP:
  188.136.216.245

Host:
  payesh.bonyadmaskan.ir

Requested URI:
  https://payesh.bonyadmaskan.ir/portal/plugins/havades/file_add.php?cod=wIlVbOJjPh1fMGyvlpPCypjO90zZ4oHV4hjaPFHM2oGa6pnc1smQC9Ce&cod=wIlVbOJjPh1fMGyvlpPCypjO90zZ4oHV4hjaPFHM2oGa6pnc1smQC9Ce&mode=edit

Date:
  2022-07-20 12:45:04

خطا:
  خطای پایگاه داده. <br><div style="display:none">Data too long for column 'name' at row 1</div>

Developer Details:
  خطای پایگاه داده. <br><div style="display:none">INSERT INTO hadese_file (hcode, type, name, file, active, user, sdate) values ('15561211698915', '1', 'نامه عدم دریافت تسهیلات از طرف بانک', '', '1', 'ostank1001', '1401/04/29').</div> (SQL_ERROR)

tNG Execution Trace:
  tNG_insert.executeTransaction
    STARTER.Trigger_Default_Starter
    tNG_insert.doTransaction
      BEFORE.Trigger_Default_FormValidation
      tNG_insert.prepareSQL
      tNG_insert.executeTransaction - execute sql*
      ERROR.Trigger_Default_Insert_RollBack
  tNG_insert.getRecordset
  tNG_insert.getFakeRsArr
  tNG_insert.getLocalRecordset
  tNG_insert.getFakeRecordset
  tNG_insert.getFakeRecordset
=== END MESSAGE ===
=== BEGIN MESSAGE ===
Client IP:
  46.100.92.178

Host:
  payesh.bonyadmaskan.ir

Requested URI:
  https://payesh.bonyadmaskan.ir/portal/plugins/havades/makan_add.php?cod=!!EjeAfR6E3oPATbhsDI2fqsO60zZpFHZmhHarpkWYhmbCdmMJdDVlhlW4Jle3FjRKREORdzdmNEbrRHTwUVO&mode=edit

Date:
  2022-07-20 13:04:55

خطا:
  خطای بارگذاری فایل. <br><div style="display:none">File extension not allowed for upload.</div>

Developer Details:
  خطای بارگذاری فایل. <br><div style="display:none">File extension "pdf" is not allowed for upload.</div> (FILE_UPLOAD_ERROR)

tNG Execution Trace:
  tNG_insert.executeTransaction
    STARTER.Trigger_Default_Starter
  tNG_update.executeTransaction
    STARTER.Trigger_Default_Starter
    tNG_update.doTransaction
      BEFORE.Trigger_Default_saveData
        tNG_update.saveData
      BEFORE.Trigger_Default_FormValidation
      tNG_update.prepareSQL
      tNG_update.executeTransaction - execute sql
      AFTER.Trigger_ImageUpload*
  tNG_insert.getRecordset
  tNG_insert.getLocalRecordset
  tNG_insert.getFakeRecordset
  tNG_update.getRecordset
  tNG_update.getFakeRsArr
  tNG_update.getLocalRecordset
  tNG_update.getFakeRecordset
=== END MESSAGE ===
=== BEGIN MESSAGE ===
Client IP:
  5.119.198.12

Host:
  payesh.bonyadmaskan.ir

Requested URI:
  https://payesh.bonyadmaskan.ir/portal/plugins/havades/file_add.php?cod=zRtpXzbYH$$HrgIZWpJLPEpjO90zZmJ2TFJUTsZXZEBXO3JGUEpnVFBTQ&mode=edit

Date:
  2022-07-23 12:07:42

خطا:
  خطای بارگذاری فایل. <br><div style="display:none">File size must be less than 200 kB.</div>

Developer Details:
  خطای بارگذاری فایل. <br><div style="display:none">File size must be less than 200 kB.</div> (FILE_UPLOAD_ERROR)

tNG Execution Trace:
  tNG_insert.executeTransaction
    STARTER.Trigger_Default_Starter
    tNG_insert.doTransaction
      BEFORE.Trigger_Default_FormValidation
      tNG_insert.prepareSQL
      tNG_insert.executeTransaction - execute sql
      tNG_insert.postExecuteSql
      AFTER.Trigger_ImageUpload*
      ERROR.Trigger_Default_Insert_RollBack
  tNG_insert.getRecordset
  tNG_insert.getFakeRsArr
  tNG_insert.getLocalRecordset
  tNG_insert.getFakeRecordset
  tNG_insert.getFakeRecordset
=== END MESSAGE ===
=== BEGIN MESSAGE ===
Client IP:
  172.16.90.5

Host:
  payesh.bonyadmaskan.ir

Requested URI:
  https://payesh.bonyadmaskan.ir/portal/plugins/admin/admin_add.php

Date:
  2022-07-24 11:50:31

خطا:
  کاربر با این نام کاربری قبلا درج شده است

Developer Details:
  %s

tNG Execution Trace:
  tNG_insert.executeTransaction
    STARTER.Trigger_Default_Starter
    tNG_insert.doTransaction
      BEFORE.Trigger_Default_FormValidation
      BEFORE.Trigger_CheckUnique*
      ERROR.Trigger_Default_Insert_RollBack
=== END MESSAGE ===
=== BEGIN MESSAGE ===
Client IP:
  172.16.90.5

Host:
  payesh.bonyadmaskan.ir

Requested URI:
  https://payesh.bonyadmaskan.ir/portal/plugins/admin/admin_add.php

Date:
  2022-07-24 11:50:32

خطا:
  کاربر با این نام کاربری قبلا درج شده است

Developer Details:
  %s

tNG Execution Trace:
  tNG_insert.executeTransaction
    STARTER.Trigger_Default_Starter
    tNG_insert.doTransaction
      BEFORE.Trigger_Default_FormValidation
      BEFORE.Trigger_CheckUnique*
      ERROR.Trigger_Default_Insert_RollBack
  tNG_insert.getRecordset
  tNG_insert.getFakeRsArr
  tNG_insert.getLocalRecordset
  tNG_insert.getFakeRecordset
  tNG_insert.getFakeRecordset
=== END MESSAGE ===
=== BEGIN MESSAGE ===
Client IP:
  172.16.90.5

Host:
  payesh.bonyadmaskan.ir

Requested URI:
  https://payesh.bonyadmaskan.ir/portal/plugins/admin/admin_add.php

Date:
  2022-07-24 13:02:45

خطا:
  کاربر با این نام کاربری قبلا درج شده است

Developer Details:
  %s

tNG Execution Trace:
  tNG_insert.executeTransaction
    STARTER.Trigger_Default_Starter
    tNG_insert.doTransaction
      BEFORE.Trigger_Default_FormValidation
      BEFORE.Trigger_CheckUnique*
      ERROR.Trigger_Default_Insert_RollBack
=== END MESSAGE ===
=== BEGIN MESSAGE ===
Client IP:
  172.16.90.5

Host:
  payesh.bonyadmaskan.ir

Requested URI:
  https://payesh.bonyadmaskan.ir/portal/plugins/admin/admin_add.php

Date:
  2022-07-24 13:02:46

خطا:
  کاربر با این نام کاربری قبلا درج شده است

Developer Details:
  %s

tNG Execution Trace:
  tNG_insert.executeTransaction
    STARTER.Trigger_Default_Starter
    tNG_insert.doTransaction
      BEFORE.Trigger_Default_FormValidation
      BEFORE.Trigger_CheckUnique*
      ERROR.Trigger_Default_Insert_RollBack
  tNG_insert.getRecordset
  tNG_insert.getFakeRsArr
  tNG_insert.getLocalRecordset
  tNG_insert.getFakeRecordset
  tNG_insert.getFakeRecordset
=== END MESSAGE ===
=== BEGIN MESSAGE ===
Client IP:
  172.16.90.5

Host:
  payesh.bonyadmaskan.ir

Requested URI:
  https://payesh.bonyadmaskan.ir/portal/plugins/admin/admin_add.php

Date:
  2022-07-24 13:02:57

خطا:
  کاربر با این نام کاربری قبلا درج شده است

Developer Details:
  %s

tNG Execution Trace:
  tNG_insert.executeTransaction
    STARTER.Trigger_Default_Starter
    tNG_insert.doTransaction
      BEFORE.Trigger_Default_FormValidation
      BEFORE.Trigger_CheckUnique*
      ERROR.Trigger_Default_Insert_RollBack
=== END MESSAGE ===
=== BEGIN MESSAGE ===
Client IP:
  172.16.90.5

Host:
  payesh.bonyadmaskan.ir

Requested URI:
  https://payesh.bonyadmaskan.ir/portal/plugins/admin/admin_add.php

Date:
  2022-07-24 13:02:58

خطا:
  کاربر با این نام کاربری قبلا درج شده است

Developer Details:
  %s

tNG Execution Trace:
  tNG_insert.executeTransaction
    STARTER.Trigger_Default_Starter
    tNG_insert.doTransaction
      BEFORE.Trigger_Default_FormValidation
      BEFORE.Trigger_CheckUnique*
      ERROR.Trigger_Default_Insert_RollBack
  tNG_insert.getRecordset
  tNG_insert.getFakeRsArr
  tNG_insert.getLocalRecordset
  tNG_insert.getFakeRecordset
  tNG_insert.getFakeRecordset
=== END MESSAGE ===
=== BEGIN MESSAGE ===
Client IP:
  172.16.90.5

Host:
  payesh.bonyadmaskan.ir

Requested URI:
  https://payesh.bonyadmaskan.ir/portal/plugins/admin/admin_add.php

Date:
  2022-07-25 09:16:37

خطا:
  کاربر با این نام کاربری قبلا درج شده است

Developer Details:
  %s

tNG Execution Trace:
  tNG_insert.executeTransaction
    STARTER.Trigger_Default_Starter
    tNG_insert.doTransaction
      BEFORE.Trigger_Default_FormValidation
      BEFORE.Trigger_CheckUnique*
      ERROR.Trigger_Default_Insert_RollBack
=== END MESSAGE ===
=== BEGIN MESSAGE ===
Client IP:
  172.16.90.5

Host:
  payesh.bonyadmaskan.ir

Requested URI:
  https://payesh.bonyadmaskan.ir/portal/plugins/admin/admin_add.php

Date:
  2022-07-25 09:16:37

خطا:
  کاربر با این نام کاربری قبلا درج شده است

Developer Details:
  %s

tNG Execution Trace:
  tNG_insert.executeTransaction
    STARTER.Trigger_Default_Starter
    tNG_insert.doTransaction
      BEFORE.Trigger_Default_FormValidation
      BEFORE.Trigger_CheckUnique*
      ERROR.Trigger_Default_Insert_RollBack
  tNG_insert.getRecordset
  tNG_insert.getFakeRsArr
  tNG_insert.getLocalRecordset
  tNG_insert.getFakeRecordset
  tNG_insert.getFakeRecordset
=== END MESSAGE ===
=== BEGIN MESSAGE ===
Client IP:
  5.234.55.169

Host:
  payesh.bonyadmaskan.ir

Requested URI:
  https://payesh.bonyadmaskan.ir/portal/plugins/havades/pishraft_add.php?hcode=ePihQOijl3ZVzheshRGpQpjO90zZzIEZrFTNudmZJ1Wap5GePRTbrcWN&cod=ePihQOijl3ZVzheshRGpQpjO90zZzIEZrFTNudmZJ1Wap5GePRTbrcWN&mode=edit

Date:
  2022-07-25 09:21:28

خطا:
  خطای پایگاه داده. <br><div style="display:none">Column 'active' cannot be null</div>

Developer Details:
  خطای پایگاه داده. <br><div style="display:none">INSERT INTO pishraft (hcode, plevel, tozihat, tarikh, user, active) values ('16432700001716', '30', null, '1401/05/03', 'a140605', null).</div> (SQL_ERROR)

tNG Execution Trace:
  tNG_insert.executeTransaction
    STARTER.Trigger_Default_Starter
    tNG_insert.doTransaction
      BEFORE.Trigger_Default_FormValidation
      tNG_insert.prepareSQL
      tNG_insert.executeTransaction - execute sql*
      ERROR.Trigger_Default_Insert_RollBack
=== END MESSAGE ===
=== BEGIN MESSAGE ===
Client IP:
  5.120.60.59

Host:
  payesh.bonyadmaskan.ir

Requested URI:
  https://payesh.bonyadmaskan.ir/portal/plugins/havades/file_add.php?cod=JjNaWuNkF8Vm4is@@lo@@7eojO90TQmtEVHlkYltkculjbilkTqdlUHh0Y&mode=edit

Date:
  2022-07-26 10:44:53

خطا:
  خطای بارگذاری فایل. <br><div style="display:none">File size must be less than 200 kB.</div>

Developer Details:
  خطای بارگذاری فایل. <br><div style="display:none">File size must be less than 200 kB.</div> (FILE_UPLOAD_ERROR)

tNG Execution Trace:
  tNG_insert.executeTransaction
    STARTER.Trigger_Default_Starter
    tNG_insert.doTransaction
      BEFORE.Trigger_Default_FormValidation
      tNG_insert.prepareSQL
      tNG_insert.executeTransaction - execute sql
      tNG_insert.postExecuteSql
      AFTER.Trigger_ImageUpload*
      ERROR.Trigger_Default_Insert_RollBack
  tNG_insert.getRecordset
  tNG_insert.getFakeRsArr
  tNG_insert.getLocalRecordset
  tNG_insert.getFakeRecordset
  tNG_insert.getFakeRecordset
=== END MESSAGE ===
=== BEGIN MESSAGE ===
Client IP:
  5.120.60.59

Host:
  payesh.bonyadmaskan.ir

Requested URI:
  https://payesh.bonyadmaskan.ir/portal/plugins/havades/file_add.php?cod=e$$iCEvpumsic7jZ1sOCrRpjO90TQLFGRMd3T3gGdjVnSSJzdwN1QVV2R&mode=edit

Date:
  2022-07-26 11:00:22

خطا:
  خطای بارگذاری فایل. <br><div style="display:none">File size must be less than 200 kB.</div>

Developer Details:
  خطای بارگذاری فایل. <br><div style="display:none">File size must be less than 200 kB.</div> (FILE_UPLOAD_ERROR)

tNG Execution Trace:
  tNG_insert.executeTransaction
    STARTER.Trigger_Default_Starter
    tNG_insert.doTransaction
      BEFORE.Trigger_Default_FormValidation
      tNG_insert.prepareSQL
      tNG_insert.executeTransaction - execute sql
      tNG_insert.postExecuteSql
      AFTER.Trigger_ImageUpload*
      ERROR.Trigger_Default_Insert_RollBack
  tNG_insert.getRecordset
  tNG_insert.getFakeRsArr
  tNG_insert.getLocalRecordset
  tNG_insert.getFakeRecordset
  tNG_insert.getFakeRecordset
=== END MESSAGE ===
=== BEGIN MESSAGE ===
Client IP:
  5.120.60.59

Host:
  payesh.bonyadmaskan.ir

Requested URI:
  https://payesh.bonyadmaskan.ir/portal/plugins/havades/file_add.php?cod=e$$iCEvpumsic7jZ1sOCrRpjO90TQLFGRMd3T3gGdjVnSSJzdwN1QVV2R&mode=edit

Date:
  2022-07-26 11:01:15

خطا:
  خطای بارگذاری فایل. <br><div style="display:none">File size must be less than 200 kB.</div>

Developer Details:
  خطای بارگذاری فایل. <br><div style="display:none">File size must be less than 200 kB.</div> (FILE_UPLOAD_ERROR)

tNG Execution Trace:
  tNG_insert.executeTransaction
    STARTER.Trigger_Default_Starter
    tNG_insert.doTransaction
      BEFORE.Trigger_Default_FormValidation
      tNG_insert.prepareSQL
      tNG_insert.executeTransaction - execute sql
      tNG_insert.postExecuteSql
      AFTER.Trigger_ImageUpload*
      ERROR.Trigger_Default_Insert_RollBack
  tNG_insert.getRecordset
  tNG_insert.getFakeRsArr
  tNG_insert.getLocalRecordset
  tNG_insert.getFakeRecordset
  tNG_insert.getFakeRecordset
=== END MESSAGE ===
=== BEGIN MESSAGE ===
Client IP:
  5.120.60.59

Host:
  payesh.bonyadmaskan.ir

Requested URI:
  https://payesh.bonyadmaskan.ir/portal/plugins/havades/file_add.php?cod=e$$iCEvpumsic7jZ1sOCrRpjO90TQLFGRMd3T3gGdjVnSSJzdwN1QVV2R&mode=edit

Date:
  2022-07-26 11:01:58

خطا:
  خطای بارگذاری فایل. <br><div style="display:none">File size must be less than 200 kB.</div>

Developer Details:
  خطای بارگذاری فایل. <br><div style="display:none">File size must be less than 200 kB.</div> (FILE_UPLOAD_ERROR)

tNG Execution Trace:
  tNG_insert.executeTransaction
    STARTER.Trigger_Default_Starter
    tNG_insert.doTransaction
      BEFORE.Trigger_Default_FormValidation
      tNG_insert.prepareSQL
      tNG_insert.executeTransaction - execute sql
      tNG_insert.postExecuteSql
      AFTER.Trigger_ImageUpload*
      ERROR.Trigger_Default_Insert_RollBack
  tNG_insert.getRecordset
  tNG_insert.getFakeRsArr
  tNG_insert.getLocalRecordset
  tNG_insert.getFakeRecordset
  tNG_insert.getFakeRecordset
=== END MESSAGE ===
=== BEGIN MESSAGE ===
Client IP:
  5.119.38.137

Host:
  payesh.bonyadmaskan.ir

Requested URI:
  https://payesh.bonyadmaskan.ir/portal/plugins/havades/file_add.php?cod=6ncyWs8wirFOyFV2oE9oNrjO90TUKdkYmRTS1sEb5F3VrBXQvd1V5Ajd&mode=edit

Date:
  2022-07-27 10:15:01

خطا:
  خطای بارگذاری فایل. <br><div style="display:none">File size must be less than 200 kB.</div>

Developer Details:
  خطای بارگذاری فایل. <br><div style="display:none">File size must be less than 200 kB.</div> (FILE_UPLOAD_ERROR)

tNG Execution Trace:
  tNG_insert.executeTransaction
    STARTER.Trigger_Default_Starter
    tNG_insert.doTransaction
      BEFORE.Trigger_Default_FormValidation
      tNG_insert.prepareSQL
      tNG_insert.executeTransaction - execute sql
      tNG_insert.postExecuteSql
      AFTER.Trigger_ImageUpload*
      ERROR.Trigger_Default_Insert_RollBack
  tNG_insert.getRecordset
  tNG_insert.getFakeRsArr
  tNG_insert.getLocalRecordset
  tNG_insert.getFakeRecordset
  tNG_insert.getFakeRecordset
=== END MESSAGE ===
=== BEGIN MESSAGE ===
Client IP:
  83.122.142.228

Host:
  payesh.bonyadmaskan.ir

Requested URI:
  https://payesh.bonyadmaskan.ir/portal/plugins/havades/file_add.php?cod=akLqu7@@vXnW9IA16zCrVDqjO90TU6hWcsVzVytUQUhmYFdHSxMXSLhES&mode=edit

Date:
  2022-07-28 08:17:35

خطا:
  خطای بارگذاری فایل. <br><div style="display:none">File size must be less than 200 kB.</div>

Developer Details:
  خطای بارگذاری فایل. <br><div style="display:none">File size must be less than 200 kB.</div> (FILE_UPLOAD_ERROR)

tNG Execution Trace:
  tNG_insert.executeTransaction
    STARTER.Trigger_Default_Starter
    tNG_insert.doTransaction
      BEFORE.Trigger_Default_FormValidation
      tNG_insert.prepareSQL
      tNG_insert.executeTransaction - execute sql
      tNG_insert.postExecuteSql
      AFTER.Trigger_ImageUpload*
      ERROR.Trigger_Default_Insert_RollBack
  tNG_insert.getRecordset
  tNG_insert.getFakeRsArr
  tNG_insert.getLocalRecordset
  tNG_insert.getFakeRecordset
  tNG_insert.getFakeRecordset
=== END MESSAGE ===
=== BEGIN MESSAGE ===
Client IP:
  83.122.142.228

Host:
  payesh.bonyadmaskan.ir

Requested URI:
  https://payesh.bonyadmaskan.ir/portal/plugins/havades/file_add.php?cod=akLqu7@@vXnW9IA16zCrVDqjO90TU6hWcsVzVytUQUhmYFdHSxMXSLhES&mode=edit

Date:
  2022-07-28 08:19:31

خطا:
  خطای بارگذاری فایل. <br><div style="display:none">File size must be less than 200 kB.</div>

Developer Details:
  خطای بارگذاری فایل. <br><div style="display:none">File size must be less than 200 kB.</div> (FILE_UPLOAD_ERROR)

tNG Execution Trace:
  tNG_insert.executeTransaction
    STARTER.Trigger_Default_Starter
    tNG_insert.doTransaction
      BEFORE.Trigger_Default_FormValidation
      tNG_insert.prepareSQL
      tNG_insert.executeTransaction - execute sql
      tNG_insert.postExecuteSql
      AFTER.Trigger_ImageUpload*
      ERROR.Trigger_Default_Insert_RollBack
  tNG_insert.getRecordset
  tNG_insert.getFakeRsArr
  tNG_insert.getLocalRecordset
  tNG_insert.getFakeRecordset
  tNG_insert.getFakeRecordset
=== END MESSAGE ===
=== BEGIN MESSAGE ===
Client IP:
  5.119.255.43

Host:
  payesh.bonyadmaskan.ir

Requested URI:
  https://payesh.bonyadmaskan.ir/portal/plugins/havades/payankar_add.php?cod=699x9sG5x0U@@xYOudEkiepjO90zZzkVNzV1ax0WN2w2YrclbldXb1MWe&mode=edit&add=1

Date:
  2022-07-28 09:23:40

خطا:
  خطای پایگاه داده. <br><div style="display:none">Column 'shahr' cannot be null</div>

Developer Details:
  خطای پایگاه داده. <br><div style="display:none">UPDATE hadese SET payankarstatus='1', payankardate=null, pelaksabti=null, adres='سرمیچ', karbari='1', ostan='11', shahrestan='1107', bakhsh='110704', shahr=null, rosta=null WHERE code = '15804537374678'.</div> (SQL_ERROR)

tNG Execution Trace:
  tNG_update.executeTransaction
    STARTER.Trigger_Default_Starter
    tNG_update.doTransaction
      BEFORE.Trigger_Default_saveData
        tNG_update.saveData
      BEFORE.Trigger_Default_FormValidation
      tNG_update.prepareSQL
      tNG_update.executeTransaction - execute sql*
  tNG_update.getRecordset
  tNG_update.getFakeRsArr
  tNG_update.getLocalRecordset
  tNG_update.getFakeRecordset
=== END MESSAGE ===
=== BEGIN MESSAGE ===
Client IP:
  5.127.73.220

Host:
  payesh.bonyadmaskan.ir

Requested URI:
  https://payesh.bonyadmaskan.ir/portal/plugins/havades/gheteold_add.php?cod=$$15y$$EkxcS2j6qx@@JdGHTojO90TQkJXYzVzY3YzZXh0ZwAVe0MUW0xmV&mode=edit

Date:
  2022-07-28 10:49:16

خطا:
  خطای بارگذاری فایل. <br><div style="display:none">File size must be less than 300 kB.</div>

Developer Details:
  خطای بارگذاری فایل. <br><div style="display:none">File size must be less than 300 kB.</div> (FILE_UPLOAD_ERROR)

tNG Execution Trace:
  tNG_insert.executeTransaction
    STARTER.Trigger_Default_Starter
    tNG_insert.doTransaction
      BEFORE.Trigger_Default_FormValidation
      tNG_insert.prepareSQL
      tNG_insert.executeTransaction - execute sql
      tNG_insert.postExecuteSql
      AFTER.Trigger_ImageUpload*
      ERROR.Trigger_Default_Insert_RollBack
=== END MESSAGE ===
=== BEGIN MESSAGE ===
Client IP:
  5.127.73.220

Host:
  payesh.bonyadmaskan.ir

Requested URI:
  https://payesh.bonyadmaskan.ir/portal/plugins/havades/gheteold_add.php?cod=$$15y$$EkxcS2j6qx@@JdGHTojO90TQkJXYzVzY3YzZXh0ZwAVe0MUW0xmV&mode=edit

Date:
  2022-07-28 10:49:16

خطا:
  خطای بارگذاری فایل. <br><div style="display:none">File size must be less than 300 kB.</div>

Developer Details:
  خطای بارگذاری فایل. <br><div style="display:none">File size must be less than 300 kB.</div> (FILE_UPLOAD_ERROR)

tNG Execution Trace:
  tNG_insert.executeTransaction
    STARTER.Trigger_Default_Starter
    tNG_insert.doTransaction
      BEFORE.Trigger_Default_FormValidation
      tNG_insert.prepareSQL
      tNG_insert.executeTransaction - execute sql
      tNG_insert.postExecuteSql
      AFTER.Trigger_ImageUpload*
      ERROR.Trigger_Default_Insert_RollBack
  tNG_insert.getRecordset
  tNG_insert.getFakeRsArr
  tNG_insert.getLocalRecordset
  tNG_insert.getFakeRecordset
  tNG_insert.getFakeRecordset
=== END MESSAGE ===
=== BEGIN MESSAGE ===
Client IP:
  5.127.73.220

Host:
  payesh.bonyadmaskan.ir

Requested URI:
  https://payesh.bonyadmaskan.ir/portal/plugins/havades/gheteold_add.php?cod=$$15y$$EkxcS2j6qx@@JdGHTojO90TQkJXYzVzY3YzZXh0ZwAVe0MUW0xmV&mode=edit

Date:
  2022-07-28 10:49:16

خطا:
  خطای بارگذاری فایل. <br><div style="display:none">File size must be less than 300 kB.</div>

Developer Details:
  خطای بارگذاری فایل. <br><div style="display:none">File size must be less than 300 kB.</div> (FILE_UPLOAD_ERROR)

tNG Execution Trace:
  tNG_insert.executeTransaction
    STARTER.Trigger_Default_Starter
    tNG_insert.doTransaction
      BEFORE.Trigger_Default_FormValidation
      tNG_insert.prepareSQL
      tNG_insert.executeTransaction - execute sql
      tNG_insert.postExecuteSql
      AFTER.Trigger_ImageUpload*
      ERROR.Trigger_Default_Insert_RollBack
  tNG_insert.getRecordset
  tNG_insert.getFakeRsArr
  tNG_insert.getLocalRecordset
  tNG_insert.getFakeRecordset
  tNG_insert.getFakeRecordset
=== END MESSAGE ===
=== BEGIN MESSAGE ===
Client IP:
  5.127.73.220

Host:
  payesh.bonyadmaskan.ir

Requested URI:
  https://payesh.bonyadmaskan.ir/portal/plugins/havades/gheteold_add.php?cod=$$15y$$EkxcS2j6qx@@JdGHTojO90TQkJXYzVzY3YzZXh0ZwAVe0MUW0xmV&mode=edit

Date:
  2022-07-28 10:50:03

خطا:
  خطای بارگذاری فایل. <br><div style="display:none">File size must be less than 300 kB.</div>

Developer Details:
  خطای بارگذاری فایل. <br><div style="display:none">File size must be less than 300 kB.</div> (FILE_UPLOAD_ERROR)

tNG Execution Trace:
  tNG_insert.executeTransaction
    STARTER.Trigger_Default_Starter
    tNG_insert.doTransaction
      BEFORE.Trigger_Default_FormValidation
      tNG_insert.prepareSQL
      tNG_insert.executeTransaction - execute sql
      tNG_insert.postExecuteSql
      AFTER.Trigger_ImageUpload*
      ERROR.Trigger_Default_Insert_RollBack
=== END MESSAGE ===
=== BEGIN MESSAGE ===
Client IP:
  5.127.73.220

Host:
  payesh.bonyadmaskan.ir

Requested URI:
  https://payesh.bonyadmaskan.ir/portal/plugins/havades/gheteold_add.php?cod=$$15y$$EkxcS2j6qx@@JdGHTojO90TQkJXYzVzY3YzZXh0ZwAVe0MUW0xmV&mode=edit

Date:
  2022-07-28 10:50:03

خطا:
  خطای بارگذاری فایل. <br><div style="display:none">File size must be less than 300 kB.</div>

Developer Details:
  خطای بارگذاری فایل. <br><div style="display:none">File size must be less than 300 kB.</div> (FILE_UPLOAD_ERROR)

tNG Execution Trace:
  tNG_insert.executeTransaction
    STARTER.Trigger_Default_Starter
    tNG_insert.doTransaction
      BEFORE.Trigger_Default_FormValidation
      tNG_insert.prepareSQL
      tNG_insert.executeTransaction - execute sql
      tNG_insert.postExecuteSql
      AFTER.Trigger_ImageUpload*
      ERROR.Trigger_Default_Insert_RollBack
  tNG_insert.getRecordset
  tNG_insert.getFakeRsArr
  tNG_insert.getLocalRecordset
  tNG_insert.getFakeRecordset
  tNG_insert.getFakeRecordset
=== END MESSAGE ===
=== BEGIN MESSAGE ===
Client IP:
  5.127.73.220

Host:
  payesh.bonyadmaskan.ir

Requested URI:
  https://payesh.bonyadmaskan.ir/portal/plugins/havades/gheteold_add.php?cod=$$15y$$EkxcS2j6qx@@JdGHTojO90TQkJXYzVzY3YzZXh0ZwAVe0MUW0xmV&mode=edit

Date:
  2022-07-28 10:50:03

خطا:
  خطای بارگذاری فایل. <br><div style="display:none">File size must be less than 300 kB.</div>

Developer Details:
  خطای بارگذاری فایل. <br><div style="display:none">File size must be less than 300 kB.</div> (FILE_UPLOAD_ERROR)

tNG Execution Trace:
  tNG_insert.executeTransaction
    STARTER.Trigger_Default_Starter
    tNG_insert.doTransaction
      BEFORE.Trigger_Default_FormValidation
      tNG_insert.prepareSQL
      tNG_insert.executeTransaction - execute sql
      tNG_insert.postExecuteSql
      AFTER.Trigger_ImageUpload*
      ERROR.Trigger_Default_Insert_RollBack
  tNG_insert.getRecordset
  tNG_insert.getFakeRsArr
  tNG_insert.getLocalRecordset
  tNG_insert.getFakeRecordset
  tNG_insert.getFakeRecordset
=== END MESSAGE ===
=== BEGIN MESSAGE ===
Client IP:
  5.127.73.220

Host:
  payesh.bonyadmaskan.ir

Requested URI:
  https://payesh.bonyadmaskan.ir/portal/plugins/havades/gheteold_add.php?cod=QTBe0nW80W08TFQpf3M@@jojO90TUIZDTrJ2TNdEOpRVWTtiTJZTVaV0d&mode=edit

Date:
  2022-07-28 10:54:32

خطا:
  خطای بارگذاری فایل. <br><div style="display:none">File size must be less than 300 kB.</div>

Developer Details:
  خطای بارگذاری فایل. <br><div style="display:none">File size must be less than 300 kB.</div> (FILE_UPLOAD_ERROR)

tNG Execution Trace:
  tNG_insert.executeTransaction
    STARTER.Trigger_Default_Starter
    tNG_insert.doTransaction
      BEFORE.Trigger_Default_FormValidation
      tNG_insert.prepareSQL
      tNG_insert.executeTransaction - execute sql
      tNG_insert.postExecuteSql
      AFTER.Trigger_ImageUpload*
      ERROR.Trigger_Default_Insert_RollBack
=== END MESSAGE ===
=== BEGIN MESSAGE ===
Client IP:
  5.127.73.220

Host:
  payesh.bonyadmaskan.ir

Requested URI:
  https://payesh.bonyadmaskan.ir/portal/plugins/havades/gheteold_add.php?cod=QTBe0nW80W08TFQpf3M@@jojO90TUIZDTrJ2TNdEOpRVWTtiTJZTVaV0d&mode=edit

Date:
  2022-07-28 10:54:32

خطا:
  خطای بارگذاری فایل. <br><div style="display:none">File size must be less than 300 kB.</div>

Developer Details:
  خطای بارگذاری فایل. <br><div style="display:none">File size must be less than 300 kB.</div> (FILE_UPLOAD_ERROR)

tNG Execution Trace:
  tNG_insert.executeTransaction
    STARTER.Trigger_Default_Starter
    tNG_insert.doTransaction
      BEFORE.Trigger_Default_FormValidation
      tNG_insert.prepareSQL
      tNG_insert.executeTransaction - execute sql
      tNG_insert.postExecuteSql
      AFTER.Trigger_ImageUpload*
      ERROR.Trigger_Default_Insert_RollBack
  tNG_insert.getRecordset
  tNG_insert.getFakeRsArr
  tNG_insert.getLocalRecordset
  tNG_insert.getFakeRecordset
  tNG_insert.getFakeRecordset
=== END MESSAGE ===
=== BEGIN MESSAGE ===
Client IP:
  5.127.73.220

Host:
  payesh.bonyadmaskan.ir

Requested URI:
  https://payesh.bonyadmaskan.ir/portal/plugins/havades/gheteold_add.php?cod=QTBe0nW80W08TFQpf3M@@jojO90TUIZDTrJ2TNdEOpRVWTtiTJZTVaV0d&mode=edit

Date:
  2022-07-28 10:54:32

خطا:
  خطای بارگذاری فایل. <br><div style="display:none">File size must be less than 300 kB.</div>

Developer Details:
  خطای بارگذاری فایل. <br><div style="display:none">File size must be less than 300 kB.</div> (FILE_UPLOAD_ERROR)

tNG Execution Trace:
  tNG_insert.executeTransaction
    STARTER.Trigger_Default_Starter
    tNG_insert.doTransaction
      BEFORE.Trigger_Default_FormValidation
      tNG_insert.prepareSQL
      tNG_insert.executeTransaction - execute sql
      tNG_insert.postExecuteSql
      AFTER.Trigger_ImageUpload*
      ERROR.Trigger_Default_Insert_RollBack
  tNG_insert.getRecordset
  tNG_insert.getFakeRsArr
  tNG_insert.getLocalRecordset
  tNG_insert.getFakeRecordset
  tNG_insert.getFakeRecordset
=== END MESSAGE ===
=== BEGIN MESSAGE ===
Client IP:
  5.127.73.220

Host:
  payesh.bonyadmaskan.ir

Requested URI:
  https://payesh.bonyadmaskan.ir/portal/plugins/havades/gheteold_add.php?cod=YziwyxUXzFlVPxdpc@@PborjO90TQ4I0V5lXS3RVbFd1VHx0c550VLF3L&mode=edit

Date:
  2022-07-28 10:57:46

خطا:
  خطای بارگذاری فایل. <br><div style="display:none">File size must be less than 300 kB.</div>

Developer Details:
  خطای بارگذاری فایل. <br><div style="display:none">File size must be less than 300 kB.</div> (FILE_UPLOAD_ERROR)

tNG Execution Trace:
  tNG_insert.executeTransaction
    STARTER.Trigger_Default_Starter
    tNG_insert.doTransaction
      BEFORE.Trigger_Default_FormValidation
      tNG_insert.prepareSQL
      tNG_insert.executeTransaction - execute sql
      tNG_insert.postExecuteSql
      AFTER.Trigger_ImageUpload*
      ERROR.Trigger_Default_Insert_RollBack
=== END MESSAGE ===
=== BEGIN MESSAGE ===
Client IP:
  5.127.73.220

Host:
  payesh.bonyadmaskan.ir

Requested URI:
  https://payesh.bonyadmaskan.ir/portal/plugins/havades/gheteold_add.php?cod=YziwyxUXzFlVPxdpc@@PborjO90TQ4I0V5lXS3RVbFd1VHx0c550VLF3L&mode=edit

Date:
  2022-07-28 10:57:47

خطا:
  خطای بارگذاری فایل. <br><div style="display:none">File size must be less than 300 kB.</div>

Developer Details:
  خطای بارگذاری فایل. <br><div style="display:none">File size must be less than 300 kB.</div> (FILE_UPLOAD_ERROR)

tNG Execution Trace:
  tNG_insert.executeTransaction
    STARTER.Trigger_Default_Starter
    tNG_insert.doTransaction
      BEFORE.Trigger_Default_FormValidation
      tNG_insert.prepareSQL
      tNG_insert.executeTransaction - execute sql
      tNG_insert.postExecuteSql
      AFTER.Trigger_ImageUpload*
      ERROR.Trigger_Default_Insert_RollBack
  tNG_insert.getRecordset
  tNG_insert.getFakeRsArr
  tNG_insert.getLocalRecordset
  tNG_insert.getFakeRecordset
  tNG_insert.getFakeRecordset
=== END MESSAGE ===
=== BEGIN MESSAGE ===
Client IP:
  5.127.73.220

Host:
  payesh.bonyadmaskan.ir

Requested URI:
  https://payesh.bonyadmaskan.ir/portal/plugins/havades/gheteold_add.php?cod=YziwyxUXzFlVPxdpc@@PborjO90TQ4I0V5lXS3RVbFd1VHx0c550VLF3L&mode=edit

Date:
  2022-07-28 10:57:47

خطا:
  خطای بارگذاری فایل. <br><div style="display:none">File size must be less than 300 kB.</div>

Developer Details:
  خطای بارگذاری فایل. <br><div style="display:none">File size must be less than 300 kB.</div> (FILE_UPLOAD_ERROR)

tNG Execution Trace:
  tNG_insert.executeTransaction
    STARTER.Trigger_Default_Starter
    tNG_insert.doTransaction
      BEFORE.Trigger_Default_FormValidation
      tNG_insert.prepareSQL
      tNG_insert.executeTransaction - execute sql
      tNG_insert.postExecuteSql
      AFTER.Trigger_ImageUpload*
      ERROR.Trigger_Default_Insert_RollBack
  tNG_insert.getRecordset
  tNG_insert.getFakeRsArr
  tNG_insert.getLocalRecordset
  tNG_insert.getFakeRecordset
  tNG_insert.getFakeRecordset
=== END MESSAGE ===
=== BEGIN MESSAGE ===
Client IP:
  5.127.73.220

Host:
  payesh.bonyadmaskan.ir

Requested URI:
  https://payesh.bonyadmaskan.ir/portal/plugins/havades/gheteold_add.php?cod=DRVS8PymiNfrSiFhw15dhpjO90zZxhnYwkGVBllbuhkdQhUYhh1bqlTO&mode=edit

Date:
  2022-07-28 11:08:15

خطا:
  خطای بارگذاری فایل. <br><div style="display:none">File size must be less than 300 kB.<br />File extension not allowed for upload.</div>

Developer Details:
  خطای بارگذاری فایل. <br><div style="display:none">File size must be less than 300 kB.<br />File extension "xlsx" is not allowed for upload.</div> (FILE_UPLOAD_ERROR)

tNG Execution Trace:
  tNG_insert.executeTransaction
    STARTER.Trigger_Default_Starter
    tNG_insert.doTransaction
      BEFORE.Trigger_Default_FormValidation
      tNG_insert.prepareSQL
      tNG_insert.executeTransaction - execute sql
      tNG_insert.postExecuteSql
      AFTER.Trigger_ImageUpload*
      ERROR.Trigger_Default_Insert_RollBack
=== END MESSAGE ===
=== BEGIN MESSAGE ===
Client IP:
  5.127.73.220

Host:
  payesh.bonyadmaskan.ir

Requested URI:
  https://payesh.bonyadmaskan.ir/portal/plugins/havades/gheteold_add.php?cod=DRVS8PymiNfrSiFhw15dhpjO90zZxhnYwkGVBllbuhkdQhUYhh1bqlTO&mode=edit

Date:
  2022-07-28 11:08:15

خطا:
  خطای بارگذاری فایل. <br><div style="display:none">File size must be less than 300 kB.<br />File extension not allowed for upload.</div>

Developer Details:
  خطای بارگذاری فایل. <br><div style="display:none">File size must be less than 300 kB.<br />File extension "xlsx" is not allowed for upload.</div> (FILE_UPLOAD_ERROR)

tNG Execution Trace:
  tNG_insert.executeTransaction
    STARTER.Trigger_Default_Starter
    tNG_insert.doTransaction
      BEFORE.Trigger_Default_FormValidation
      tNG_insert.prepareSQL
      tNG_insert.executeTransaction - execute sql
      tNG_insert.postExecuteSql
      AFTER.Trigger_ImageUpload*
      ERROR.Trigger_Default_Insert_RollBack
  tNG_insert.getRecordset
  tNG_insert.getFakeRsArr
  tNG_insert.getLocalRecordset
  tNG_insert.getFakeRecordset
  tNG_insert.getFakeRecordset
=== END MESSAGE ===
=== BEGIN MESSAGE ===
Client IP:
  5.127.73.220

Host:
  payesh.bonyadmaskan.ir

Requested URI:
  https://payesh.bonyadmaskan.ir/portal/plugins/havades/gheteold_add.php?cod=DRVS8PymiNfrSiFhw15dhpjO90zZxhnYwkGVBllbuhkdQhUYhh1bqlTO&mode=edit

Date:
  2022-07-28 11:08:15

خطا:
  خطای بارگذاری فایل. <br><div style="display:none">File size must be less than 300 kB.<br />File extension not allowed for upload.</div>

Developer Details:
  خطای بارگذاری فایل. <br><div style="display:none">File size must be less than 300 kB.<br />File extension "xlsx" is not allowed for upload.</div> (FILE_UPLOAD_ERROR)

tNG Execution Trace:
  tNG_insert.executeTransaction
    STARTER.Trigger_Default_Starter
    tNG_insert.doTransaction
      BEFORE.Trigger_Default_FormValidation
      tNG_insert.prepareSQL
      tNG_insert.executeTransaction - execute sql
      tNG_insert.postExecuteSql
      AFTER.Trigger_ImageUpload*
      ERROR.Trigger_Default_Insert_RollBack
  tNG_insert.getRecordset
  tNG_insert.getFakeRsArr
  tNG_insert.getLocalRecordset
  tNG_insert.getFakeRecordset
  tNG_insert.getFakeRecordset
=== END MESSAGE ===
=== BEGIN MESSAGE ===
Client IP:
  5.127.73.220

Host:
  payesh.bonyadmaskan.ir

Requested URI:
  https://payesh.bonyadmaskan.ir/portal/plugins/havades/gheteold_add.php?cod=4owN0Ppv5LFLSlJ9cHE1GrjO90TUOJGTkZDNIlHe5pVQLhlNwQ1arVFZ&mode=edit

Date:
  2022-07-28 11:24:31

خطا:
  خطای بارگذاری فایل. <br><div style="display:none">File size must be less than 300 kB.</div>

Developer Details:
  خطای بارگذاری فایل. <br><div style="display:none">File size must be less than 300 kB.</div> (FILE_UPLOAD_ERROR)

tNG Execution Trace:
  tNG_insert.executeTransaction
    STARTER.Trigger_Default_Starter
    tNG_insert.doTransaction
      BEFORE.Trigger_Default_FormValidation
      tNG_insert.prepareSQL
      tNG_insert.executeTransaction - execute sql
      tNG_insert.postExecuteSql
      AFTER.Trigger_ImageUpload*
      ERROR.Trigger_Default_Insert_RollBack
=== END MESSAGE ===
=== BEGIN MESSAGE ===
Client IP:
  5.127.73.220

Host:
  payesh.bonyadmaskan.ir

Requested URI:
  https://payesh.bonyadmaskan.ir/portal/plugins/havades/gheteold_add.php?cod=4owN0Ppv5LFLSlJ9cHE1GrjO90TUOJGTkZDNIlHe5pVQLhlNwQ1arVFZ&mode=edit

Date:
  2022-07-28 11:24:31

خطا:
  خطای بارگذاری فایل. <br><div style="display:none">File size must be less than 300 kB.</div>

Developer Details:
  خطای بارگذاری فایل. <br><div style="display:none">File size must be less than 300 kB.</div> (FILE_UPLOAD_ERROR)

tNG Execution Trace:
  tNG_insert.executeTransaction
    STARTER.Trigger_Default_Starter
    tNG_insert.doTransaction
      BEFORE.Trigger_Default_FormValidation
      tNG_insert.prepareSQL
      tNG_insert.executeTransaction - execute sql
      tNG_insert.postExecuteSql
      AFTER.Trigger_ImageUpload*
      ERROR.Trigger_Default_Insert_RollBack
  tNG_insert.getRecordset
  tNG_insert.getFakeRsArr
  tNG_insert.getLocalRecordset
  tNG_insert.getFakeRecordset
  tNG_insert.getFakeRecordset
=== END MESSAGE ===
=== BEGIN MESSAGE ===
Client IP:
  5.127.73.220

Host:
  payesh.bonyadmaskan.ir

Requested URI:
  https://payesh.bonyadmaskan.ir/portal/plugins/havades/gheteold_add.php?cod=4owN0Ppv5LFLSlJ9cHE1GrjO90TUOJGTkZDNIlHe5pVQLhlNwQ1arVFZ&mode=edit

Date:
  2022-07-28 11:24:31

خطا:
  خطای بارگذاری فایل. <br><div style="display:none">File size must be less than 300 kB.</div>

Developer Details:
  خطای بارگذاری فایل. <br><div style="display:none">File size must be less than 300 kB.</div> (FILE_UPLOAD_ERROR)

tNG Execution Trace:
  tNG_insert.executeTransaction
    STARTER.Trigger_Default_Starter
    tNG_insert.doTransaction
      BEFORE.Trigger_Default_FormValidation
      tNG_insert.prepareSQL
      tNG_insert.executeTransaction - execute sql
      tNG_insert.postExecuteSql
      AFTER.Trigger_ImageUpload*
      ERROR.Trigger_Default_Insert_RollBack
  tNG_insert.getRecordset
  tNG_insert.getFakeRsArr
  tNG_insert.getLocalRecordset
  tNG_insert.getFakeRecordset
  tNG_insert.getFakeRecordset
=== END MESSAGE ===
=== BEGIN MESSAGE ===
Client IP:
  5.127.73.220

Host:
  payesh.bonyadmaskan.ir

Requested URI:
  https://payesh.bonyadmaskan.ir/portal/plugins/havades/gheteold_add.php?cod=P$$jEgjjIJbmnX0ESIXUJOpjO90TUrcVakZHez9UMvYGRxVEei5WbqJFd&mode=edit

Date:
  2022-07-28 11:58:57

خطا:
  خطای بارگذاری فایل. <br><div style="display:none">File size must be less than 300 kB.</div>

Developer Details:
  خطای بارگذاری فایل. <br><div style="display:none">File size must be less than 300 kB.</div> (FILE_UPLOAD_ERROR)

tNG Execution Trace:
  tNG_insert.executeTransaction
    STARTER.Trigger_Default_Starter
    tNG_insert.doTransaction
      BEFORE.Trigger_Default_FormValidation
      tNG_insert.prepareSQL
      tNG_insert.executeTransaction - execute sql
      tNG_insert.postExecuteSql
      AFTER.Trigger_ImageUpload*
      ERROR.Trigger_Default_Insert_RollBack
=== END MESSAGE ===
=== BEGIN MESSAGE ===
Client IP:
  5.127.73.220

Host:
  payesh.bonyadmaskan.ir

Requested URI:
  https://payesh.bonyadmaskan.ir/portal/plugins/havades/gheteold_add.php?cod=P$$jEgjjIJbmnX0ESIXUJOpjO90TUrcVakZHez9UMvYGRxVEei5WbqJFd&mode=edit

Date:
  2022-07-28 11:58:57

خطا:
  خطای بارگذاری فایل. <br><div style="display:none">File size must be less than 300 kB.</div>

Developer Details:
  خطای بارگذاری فایل. <br><div style="display:none">File size must be less than 300 kB.</div> (FILE_UPLOAD_ERROR)

tNG Execution Trace:
  tNG_insert.executeTransaction
    STARTER.Trigger_Default_Starter
    tNG_insert.doTransaction
      BEFORE.Trigger_Default_FormValidation
      tNG_insert.prepareSQL
      tNG_insert.executeTransaction - execute sql
      tNG_insert.postExecuteSql
      AFTER.Trigger_ImageUpload*
      ERROR.Trigger_Default_Insert_RollBack
  tNG_insert.getRecordset
  tNG_insert.getFakeRsArr
  tNG_insert.getLocalRecordset
  tNG_insert.getFakeRecordset
  tNG_insert.getFakeRecordset
=== END MESSAGE ===
=== BEGIN MESSAGE ===
Client IP:
  5.127.73.220

Host:
  payesh.bonyadmaskan.ir

Requested URI:
  https://payesh.bonyadmaskan.ir/portal/plugins/havades/gheteold_add.php?cod=P$$jEgjjIJbmnX0ESIXUJOpjO90TUrcVakZHez9UMvYGRxVEei5WbqJFd&mode=edit

Date:
  2022-07-28 11:58:57

خطا:
  خطای بارگذاری فایل. <br><div style="display:none">File size must be less than 300 kB.</div>

Developer Details:
  خطای بارگذاری فایل. <br><div style="display:none">File size must be less than 300 kB.</div> (FILE_UPLOAD_ERROR)

tNG Execution Trace:
  tNG_insert.executeTransaction
    STARTER.Trigger_Default_Starter
    tNG_insert.doTransaction
      BEFORE.Trigger_Default_FormValidation
      tNG_insert.prepareSQL
      tNG_insert.executeTransaction - execute sql
      tNG_insert.postExecuteSql
      AFTER.Trigger_ImageUpload*
      ERROR.Trigger_Default_Insert_RollBack
  tNG_insert.getRecordset
  tNG_insert.getFakeRsArr
  tNG_insert.getLocalRecordset
  tNG_insert.getFakeRecordset
  tNG_insert.getFakeRecordset
=== END MESSAGE ===
=== BEGIN MESSAGE ===
Client IP:
  2.181.30.10

Host:
  payesh.bonyadmaskan.ir

Requested URI:
  https://payesh.bonyadmaskan.ir/portal/plugins/mosavabat/amelbank_list.php?code=lROf32sXhWJ@@duHRlY6mlpjO90zda92TrsSbUd2ZMJjbQhzSPRUVFp2Q

Date:
  2022-07-30 17:13:49

خطا:
  خطای پایگاه داده. <br><div style="display:none">Unknown column 'mosavabat_code' in 'field list'</div>

Developer Details:
  خطای پایگاه داده. <br><div style="display:none">INSERT INTO mosavabat_amelbank (mosavabat_code, ostan, bank, status) values ('140103312266', '09', '19,26', 1).</div> (SQL_ERROR)

tNG Execution Trace:
  tNG_insert.executeTransaction
    STARTER.Trigger_Default_Starter
    tNG_insert.doTransaction
      BEFORE.Trigger_Default_FormValidation
      tNG_insert.prepareSQL
      tNG_insert.executeTransaction - execute sql*
      ERROR.Trigger_Default_Insert_RollBack
=== END MESSAGE ===
=== BEGIN MESSAGE ===
Client IP:
  5.120.36.188

Host:
  payesh.bonyadmaskan.ir

Requested URI:
  https://payesh.bonyadmaskan.ir/portal/plugins/havale/havale_pay_add.php?hcode=b$$scGMYHIp@@5WeZGKA5mqojO90TUJllT0YWVwJHRVFXakpmW3NDNrRlW&id=VnA7xqnfnv1twpTsv2c7qpjO90TUwJTUON0dOdlREFnRWJGR5kVRqhFV&code=!!cgmzbZS4wMUW9PVR91LCMpO60TQClkMEp2bCx2Zyt0VyskWaZGMPRUYmJ3apJ1MpRDepljaQFnN4MDZwgmQ

Date:
  2022-07-31 08:58:29

خطا:
  خطای پایگاه داده. <br><div style="display:none">Data too long for column 'fishcode' at row 1</div>

Developer Details:
  خطای پایگاه داده. <br><div style="display:none">INSERT INTO havalat_pay (paytype, hcode, havaleid, havalecode, mablagh, shhesab, bank, fishcode, fishdate, shobe, description, setdate, status) values ('0', '15801216417738', '378111', '9916006665151362', '44767911', '6', 18, '192004715 واریزی شبا بحساب بانک تجارت', '1401/05/09', null, null, '1401/05/09', '1').</div> (SQL_ERROR)

tNG Execution Trace:
  tNG_insert.executeTransaction
    STARTER.Trigger_Default_Starter
    tNG_insert.doTransaction
      BEFORE.Trigger_Default_FormValidation
      tNG_insert.prepareSQL
      tNG_insert.executeTransaction - execute sql*
      ERROR.Trigger_Default_Insert_RollBack
  tNG_insert.getRecordset
  tNG_insert.getFakeRsArr
  tNG_insert.getLocalRecordset
  tNG_insert.getFakeRecordset
  tNG_insert.getFakeRecordset
=== END MESSAGE ===
=== BEGIN MESSAGE ===
Client IP:
  5.120.36.188

Host:
  payesh.bonyadmaskan.ir

Requested URI:
  https://payesh.bonyadmaskan.ir/portal/plugins/havale/havale_pay_edit.php?id=5eYXcdM7Q4j0G911dsm42pjO90zdyhXMGFTasZnVvRzU1VlcI1WRlhEN&hcode=LVjBe5RnRSkvspJ3wrbGOpjO90TUhdGZiF0MhJDVNhTezgzdGVzNRJnN&havaleid=jeR0EVE6RHy95HAs@@kMrMrjO90zd0ZXd4lmYkljb6NHb5JkRxYHO5c2a&code=!!wxBNELgvz3kS0cOMaZFYQhO60TQItUY2c2TLJ2arEHaNlHalZDSSlEOTtESoFTe3okRahTSHFDbBBDeE5mR

Date:
  2022-07-31 08:59:28

خطا:
  خطای پایگاه داده. <br><div style="display:none">Data too long for column 'fishcode' at row 1</div>

Developer Details:
  خطای پایگاه داده. <br><div style="display:none">UPDATE havalat_pay SET paytype='0', mablagh='44767911', shhesab='6', bank=18, fishcode='4715 واریزی شبا بحساب بانک تجارت استان', fishdate='1401/05/09', shobe=null, description=null, status='1' WHERE id = 83264.</div> (SQL_ERROR)

tNG Execution Trace:
  tNG_update.executeTransaction
    STARTER.Trigger_Default_Starter
    tNG_update.doTransaction
      BEFORE.Trigger_Default_saveData
        tNG_update.saveData
      BEFORE.Trigger_Default_FormValidation
      tNG_update.prepareSQL
      tNG_update.executeTransaction - execute sql*
  tNG_update.getRecordset
  tNG_update.getFakeRsArr
  tNG_update.getLocalRecordset
  tNG_update.getFakeRecordset
=== END MESSAGE ===
=== BEGIN MESSAGE ===
Client IP:
  94.183.160.202

Host:
  payesh.bonyadmaskan.ir

Requested URI:
  https://payesh.bonyadmaskan.ir/portal/plugins/havades/file_add.php?cod=9XcZldWYJIIAOCOp$$CcYCrjO90TU5NVQLZXYPhFOWl1R1t2N4lFd1cVT&cod=9XcZldWYJIIAOCOp$$CcYCrjO90TU5NVQLZXYPhFOWl1R1t2N4lFd1cVT&mode=edit

Date:
  2022-07-31 09:21:42

خطا:
  خطای بارگذاری فایل. <br><div style="display:none">File size must be less than 200 kB.<br />File extension not allowed for upload.</div>

Developer Details:
  خطای بارگذاری فایل. <br><div style="display:none">File size must be less than 200 kB.<br />File extension "tif" is not allowed for upload.</div> (FILE_UPLOAD_ERROR)

tNG Execution Trace:
  tNG_insert.executeTransaction
    STARTER.Trigger_Default_Starter
    tNG_insert.doTransaction
      BEFORE.Trigger_Default_FormValidation
      tNG_insert.prepareSQL
      tNG_insert.executeTransaction - execute sql
      tNG_insert.postExecuteSql
      AFTER.Trigger_ImageUpload*
      ERROR.Trigger_Default_Insert_RollBack
  tNG_insert.getRecordset
  tNG_insert.getFakeRsArr
  tNG_insert.getLocalRecordset
  tNG_insert.getFakeRecordset
  tNG_insert.getFakeRecordset
=== END MESSAGE ===
=== BEGIN MESSAGE ===
Client IP:
  94.183.160.202

Host:
  payesh.bonyadmaskan.ir

Requested URI:
  https://payesh.bonyadmaskan.ir/portal/plugins/havades/file_add.php?cod=9XcZldWYJIIAOCOp$$CcYCrjO90TU5NVQLZXYPhFOWl1R1t2N4lFd1cVT&cod=9XcZldWYJIIAOCOp$$CcYCrjO90TU5NVQLZXYPhFOWl1R1t2N4lFd1cVT&mode=edit

Date:
  2022-07-31 09:23:21

خطا:
  خطای بارگذاری فایل. <br><div style="display:none">File size must be less than 200 kB.<br />File extension not allowed for upload.</div>

Developer Details:
  خطای بارگذاری فایل. <br><div style="display:none">File size must be less than 200 kB.<br />File extension "pdf" is not allowed for upload.</div> (FILE_UPLOAD_ERROR)

tNG Execution Trace:
  tNG_insert.executeTransaction
    STARTER.Trigger_Default_Starter
    tNG_insert.doTransaction
      BEFORE.Trigger_Default_FormValidation
      tNG_insert.prepareSQL
      tNG_insert.executeTransaction - execute sql
      tNG_insert.postExecuteSql
      AFTER.Trigger_ImageUpload*
      ERROR.Trigger_Default_Insert_RollBack
  tNG_insert.getRecordset
  tNG_insert.getFakeRsArr
  tNG_insert.getLocalRecordset
  tNG_insert.getFakeRecordset
  tNG_insert.getFakeRecordset
=== END MESSAGE ===
