=== BEGIN MESSAGE ===
Client IP:
  5.114.128.190

Host:
  payesh.bonyadmaskan.ir

Requested URI:
  https://payesh.bonyadmaskan.ir/portal/plugins/admin/admin_add.php

Date:
  2022-03-01 10:16:09

خطا:
  کاربر با این نام کاربری قبلا درج شده است

Developer Details:
  %s

tNG Execution Trace:
  tNG_insert.executeTransaction
    STARTER.Trigger_Default_Starter
    tNG_insert.doTransaction
      BEFORE.Trigger_Default_FormValidation
      BEFORE.Trigger_CheckUnique*
      ERROR.Trigger_Default_Insert_RollBack
=== END MESSAGE ===
=== BEGIN MESSAGE ===
Client IP:
  5.114.128.190

Host:
  payesh.bonyadmaskan.ir

Requested URI:
  https://payesh.bonyadmaskan.ir/portal/plugins/admin/admin_add.php

Date:
  2022-03-01 10:16:10

خطا:
  کاربر با این نام کاربری قبلا درج شده است

Developer Details:
  %s

tNG Execution Trace:
  tNG_insert.executeTransaction
    STARTER.Trigger_Default_Starter
    tNG_insert.doTransaction
      BEFORE.Trigger_Default_FormValidation
      BEFORE.Trigger_CheckUnique*
      ERROR.Trigger_Default_Insert_RollBack
  tNG_insert.getRecordset
  tNG_insert.getFakeRsArr
  tNG_insert.getLocalRecordset
  tNG_insert.getFakeRecordset
  tNG_insert.getFakeRecordset
=== END MESSAGE ===
=== BEGIN MESSAGE ===
Client IP:
  5.114.128.190

Host:
  payesh.bonyadmaskan.ir

Requested URI:
  https://payesh.bonyadmaskan.ir/portal/plugins/admin/admin_add.php

Date:
  2022-03-01 10:19:58

خطا:
  کاربر با این نام کاربری قبلا درج شده است

Developer Details:
  %s

tNG Execution Trace:
  tNG_insert.executeTransaction
    STARTER.Trigger_Default_Starter
    tNG_insert.doTransaction
      BEFORE.Trigger_Default_FormValidation
      BEFORE.Trigger_CheckUnique*
      ERROR.Trigger_Default_Insert_RollBack
=== END MESSAGE ===
=== BEGIN MESSAGE ===
Client IP:
  5.114.128.190

Host:
  payesh.bonyadmaskan.ir

Requested URI:
  https://payesh.bonyadmaskan.ir/portal/plugins/admin/admin_add.php

Date:
  2022-03-01 10:19:58

خطا:
  کاربر با این نام کاربری قبلا درج شده است

Developer Details:
  %s

tNG Execution Trace:
  tNG_insert.executeTransaction
    STARTER.Trigger_Default_Starter
    tNG_insert.doTransaction
      BEFORE.Trigger_Default_FormValidation
      BEFORE.Trigger_CheckUnique*
      ERROR.Trigger_Default_Insert_RollBack
  tNG_insert.getRecordset
  tNG_insert.getFakeRsArr
  tNG_insert.getLocalRecordset
  tNG_insert.getFakeRecordset
  tNG_insert.getFakeRecordset
=== END MESSAGE ===
=== BEGIN MESSAGE ===
Client IP:
  66.79.108.250

Host:
  payesh.bonyadmaskan.ir

Requested URI:
  https://payesh.bonyadmaskan.ir/portal/plugins/havades/melktakmil_add.php?cod=9l0wjlt8wzDlQPgP8y5Z6pjO90TUrV3KZVnakhmMvZ3bG1EO6t2b2VXd&mode=edit

Date:
  2022-03-01 14:11:26

خطا:
  خطای پایگاه داده. <br><div style="display:none">Column 'tabaghe' cannot be null</div>

Developer Details:
  خطای پایگاه داده. <br><div style="display:none">INSERT INTO melk_detail (hcode, tabaghe, maskoniv, maskonim, tejariv, tejarim, tejmasv, tejmasm, khadv, khadm, edariv, edarim, mazhabiv, mazhabim, malek, user, sdate, active) values ('15831450153243', null, null, '83', null, null, null, null, null, null, null, null, null, null, 'مراد ادریسی', 'a040301', '1400/12/10', '1').</div> (SQL_ERROR)

tNG Execution Trace:
  tNG_insert.executeTransaction
    STARTER.Trigger_Default_Starter
    tNG_insert.doTransaction
      BEFORE.Trigger_Default_FormValidation
      tNG_insert.prepareSQL
      tNG_insert.executeTransaction - execute sql*
      ERROR.Trigger_Default_Insert_RollBack
  tNG_insert.getRecordset
  tNG_insert.getFakeRsArr
  tNG_insert.getLocalRecordset
  tNG_insert.getFakeRecordset
  tNG_insert.getFakeRecordset
=== END MESSAGE ===
=== BEGIN MESSAGE ===
Client IP:
  66.79.108.250

Host:
  payesh.bonyadmaskan.ir

Requested URI:
  https://payesh.bonyadmaskan.ir/portal/plugins/havades/melktakmil_edit.php?id=s2Y47fXPLT9gliZKey1v2ojO90zZUFWSxkzcZZkd5M1TZBlYQREZUNUY

Date:
  2022-03-01 14:34:33

خطا:
  خطای پایگاه داده. <br><div style="display:none">Column 'tabaghe' cannot be null</div>

Developer Details:
  خطای پایگاه داده. <br><div style="display:none">UPDATE melk_detail SET tabaghe=null, maskoniv='0', maskonim='0', tejariv=null, tejarim=null, tejmasv=null, tejmasm=null, khadv=null, khadm=null, edariv=null, edarim=null, malek='وحید تیموری ' WHERE id = 38395.</div> (SQL_ERROR)

tNG Execution Trace:
  tNG_update.executeTransaction
    STARTER.Trigger_Default_Starter
    tNG_update.doTransaction
      BEFORE.Trigger_Default_saveData
        tNG_update.saveData
      BEFORE.Trigger_Default_FormValidation
      tNG_update.prepareSQL
      tNG_update.executeTransaction - execute sql*
  tNG_update.getRecordset
  tNG_update.getFakeRsArr
  tNG_update.getLocalRecordset
  tNG_update.getFakeRecordset
=== END MESSAGE ===
=== BEGIN MESSAGE ===
Client IP:
  66.79.108.250

Host:
  payesh.bonyadmaskan.ir

Requested URI:
  https://payesh.bonyadmaskan.ir/portal/plugins/havades/melktakmil_edit.php?id=wpxz@@HyXOLLWnDUYPOytwqjO90TUUd3d0UFbxt0V6JlcYRzbvxEav00M

Date:
  2022-03-01 14:35:07

خطا:
  خطای پایگاه داده. <br><div style="display:none">Column 'tabaghe' cannot be null</div>

Developer Details:
  خطای پایگاه داده. <br><div style="display:none">UPDATE melk_detail SET tabaghe=null, maskoniv='0', maskonim='0', tejariv=null, tejarim=null, tejmasv=null, tejmasm=null, khadv=null, khadm=null, edariv=null, edarim=null, malek='وحید تیموری' WHERE id = 47503.</div> (SQL_ERROR)

tNG Execution Trace:
  tNG_update.executeTransaction
    STARTER.Trigger_Default_Starter
    tNG_update.doTransaction
      BEFORE.Trigger_Default_saveData
        tNG_update.saveData
      BEFORE.Trigger_Default_FormValidation
      tNG_update.prepareSQL
      tNG_update.executeTransaction - execute sql*
  tNG_update.getRecordset
  tNG_update.getFakeRsArr
  tNG_update.getLocalRecordset
  tNG_update.getFakeRecordset
=== END MESSAGE ===
=== BEGIN MESSAGE ===
Client IP:
  185.141.39.215

Host:
  payesh.bonyadmaskan.ir

Requested URI:
  https://payesh.bonyadmaskan.ir/portal/plugins/havades/melktakmil_edit.php?id=iVRWEkmdnAvtPO66bHo9UqjO90TU2AlZKVjazl2N4BXUYBncwsCZRhTQ

Date:
  2022-03-03 08:59:03

خطا:
  خطای پایگاه داده. <br><div style="display:none">Column 'tabaghe' cannot be null</div>

Developer Details:
  خطای پایگاه داده. <br><div style="display:none">UPDATE melk_detail SET tabaghe=null, maskoniv='1', maskonim='105', tejariv=null, tejarim=null, tejmasv=null, tejmasm=null, khadv=null, khadm=null, edariv=null, edarim=null, malek='عبدالسلیم علاقی' WHERE id = 14321.</div> (SQL_ERROR)

tNG Execution Trace:
  tNG_update.executeTransaction
    STARTER.Trigger_Default_Starter
    tNG_update.doTransaction
      BEFORE.Trigger_Default_saveData
        tNG_update.saveData
      BEFORE.Trigger_Default_FormValidation
      tNG_update.prepareSQL
      tNG_update.executeTransaction - execute sql*
  tNG_update.getRecordset
  tNG_update.getFakeRsArr
  tNG_update.getLocalRecordset
  tNG_update.getFakeRecordset
=== END MESSAGE ===
=== BEGIN MESSAGE ===
Client IP:
  151.239.239.18

Host:
  payesh.bonyadmaskan.ir

Requested URI:
  https://payesh.bonyadmaskan.ir/portal/plugins/havades/melktakmil_add.php?cod=59ZFEcOXWUATjXJF0$$U$$bpjO90zZ3YnNX1GcvYDdPJjbm9STFNWQOlTd&mode=edit

Date:
  2022-03-06 12:27:24

خطا:
  خطای پایگاه داده. <br><div style="display:none">Column 'tabaghe' cannot be null</div>

Developer Details:
  خطای پایگاه داده. <br><div style="display:none">INSERT INTO melk_detail (hcode, tabaghe, maskoniv, maskonim, tejariv, tejarim, tejmasv, tejmasm, khadv, khadm, edariv, edarim, mazhabiv, mazhabim, malek, user, sdate, active) values ('16414597985466', null, '1', '120', null, null, null, null, null, null, null, null, null, null, ' لهراسب خدری', 'a140605', '1400/12/15', '1').</div> (SQL_ERROR)

tNG Execution Trace:
  tNG_insert.executeTransaction
    STARTER.Trigger_Default_Starter
    tNG_insert.doTransaction
      BEFORE.Trigger_Default_FormValidation
      tNG_insert.prepareSQL
      tNG_insert.executeTransaction - execute sql*
      ERROR.Trigger_Default_Insert_RollBack
  tNG_insert.getRecordset
  tNG_insert.getFakeRsArr
  tNG_insert.getLocalRecordset
  tNG_insert.getFakeRecordset
  tNG_insert.getFakeRecordset
=== END MESSAGE ===
=== BEGIN MESSAGE ===
Client IP:
  5.209.210.187

Host:
  payesh.bonyadmaskan.ir

Requested URI:
  https://payesh.bonyadmaskan.ir/portal/plugins/havades/melktakmil_add.php?cod=6UwGkdehBuYYEbyLPPAOvojO90zZWtibT9iMMljS5I1ZHp0M0ckaCp3T&mode=edit

Date:
  2022-03-07 08:30:35

خطا:
  خطای پایگاه داده. <br><div style="display:none">Column 'tabaghe' cannot be null</div>

Developer Details:
  خطای پایگاه داده. <br><div style="display:none">INSERT INTO melk_detail (hcode, tabaghe, maskoniv, maskonim, tejariv, tejarim, tejmasv, tejmasm, khadv, khadm, edariv, edarim, mazhabiv, mazhabim, malek, user, sdate, active) values ('16211671352611', null, null, null, null, null, null, null, null, null, null, null, null, null, 'زهراجمودی', 'sn060504', '1400/12/16', '1').</div> (SQL_ERROR)

tNG Execution Trace:
  tNG_insert.executeTransaction
    STARTER.Trigger_Default_Starter
    tNG_insert.doTransaction
      BEFORE.Trigger_Default_FormValidation
      tNG_insert.prepareSQL
      tNG_insert.executeTransaction - execute sql*
      ERROR.Trigger_Default_Insert_RollBack
  tNG_insert.getRecordset
  tNG_insert.getFakeRsArr
  tNG_insert.getLocalRecordset
  tNG_insert.getFakeRecordset
  tNG_insert.getFakeRecordset
=== END MESSAGE ===
=== BEGIN MESSAGE ===
Client IP:
  5.119.143.75

Host:
  payesh.bonyadmaskan.ir

Requested URI:
  https://payesh.bonyadmaskan.ir/portal/plugins/havades/melktakmil_add.php?cod=Ykrx38kmByO22r8Kjm$$EHrjO90zZ5QlQvV2dBpXRQNWWWVzV4cGbaFES&mode=edit

Date:
  2022-03-07 13:15:06

خطا:
  خطای پایگاه داده. <br><div style="display:none">Column 'tabaghe' cannot be null</div>

Developer Details:
  خطای پایگاه داده. <br><div style="display:none">INSERT INTO melk_detail (hcode, tabaghe, maskoniv, maskonim, tejariv, tejarim, tejmasv, tejmasm, khadv, khadm, edariv, edarim, mazhabiv, mazhabim, malek, user, sdate, active) values ('16460249295210', null, '1', '60', null, null, null, null, null, null, null, null, null, null, 'جان بی بی کرنگش ماه', 'a111901', '1400/12/16', '1').</div> (SQL_ERROR)

tNG Execution Trace:
  tNG_insert.executeTransaction
    STARTER.Trigger_Default_Starter
    tNG_insert.doTransaction
      BEFORE.Trigger_Default_FormValidation
      tNG_insert.prepareSQL
      tNG_insert.executeTransaction - execute sql*
      ERROR.Trigger_Default_Insert_RollBack
  tNG_insert.getRecordset
  tNG_insert.getFakeRsArr
  tNG_insert.getLocalRecordset
  tNG_insert.getFakeRecordset
  tNG_insert.getFakeRecordset
=== END MESSAGE ===
=== BEGIN MESSAGE ===
Client IP:
  5.127.245.46

Host:
  payesh.bonyadmaskan.ir

Requested URI:
  https://payesh.bonyadmaskan.ir/portal/plugins/havades/gheteold_add.php?cod=weVcNo@@U6jLR1SzIdyR9@@qjO90TUvMEe6VHZVt2MC9WdLlVM3Z3LVhzZ&mode=edit

Date:
  2022-03-07 19:31:12

خطا:
  خطای بارگذاری فایل. <br><div style="display:none">File size must be less than 300 kB.<br />File extension not allowed for upload.</div>

Developer Details:
  خطای بارگذاری فایل. <br><div style="display:none">File size must be less than 300 kB.<br />File extension "bak" is not allowed for upload.</div> (FILE_UPLOAD_ERROR)

tNG Execution Trace:
  tNG_insert.executeTransaction
    STARTER.Trigger_Default_Starter
    tNG_insert.doTransaction
      BEFORE.Trigger_Default_FormValidation
      tNG_insert.prepareSQL
      tNG_insert.executeTransaction - execute sql
      tNG_insert.postExecuteSql
      AFTER.Trigger_ImageUpload*
      ERROR.Trigger_Default_Insert_RollBack
=== END MESSAGE ===
=== BEGIN MESSAGE ===
Client IP:
  5.127.245.46

Host:
  payesh.bonyadmaskan.ir

Requested URI:
  https://payesh.bonyadmaskan.ir/portal/plugins/havades/gheteold_add.php?cod=weVcNo@@U6jLR1SzIdyR9@@qjO90TUvMEe6VHZVt2MC9WdLlVM3Z3LVhzZ&mode=edit

Date:
  2022-03-07 19:31:12

خطا:
  خطای بارگذاری فایل. <br><div style="display:none">File size must be less than 300 kB.<br />File extension not allowed for upload.</div>

Developer Details:
  خطای بارگذاری فایل. <br><div style="display:none">File size must be less than 300 kB.<br />File extension "bak" is not allowed for upload.</div> (FILE_UPLOAD_ERROR)

tNG Execution Trace:
  tNG_insert.executeTransaction
    STARTER.Trigger_Default_Starter
    tNG_insert.doTransaction
      BEFORE.Trigger_Default_FormValidation
      tNG_insert.prepareSQL
      tNG_insert.executeTransaction - execute sql
      tNG_insert.postExecuteSql
      AFTER.Trigger_ImageUpload*
      ERROR.Trigger_Default_Insert_RollBack
  tNG_insert.getRecordset
  tNG_insert.getFakeRsArr
  tNG_insert.getLocalRecordset
  tNG_insert.getFakeRecordset
  tNG_insert.getFakeRecordset
=== END MESSAGE ===
=== BEGIN MESSAGE ===
Client IP:
  5.127.245.46

Host:
  payesh.bonyadmaskan.ir

Requested URI:
  https://payesh.bonyadmaskan.ir/portal/plugins/havades/gheteold_add.php?cod=weVcNo@@U6jLR1SzIdyR9@@qjO90TUvMEe6VHZVt2MC9WdLlVM3Z3LVhzZ&mode=edit

Date:
  2022-03-07 19:31:12

خطا:
  خطای بارگذاری فایل. <br><div style="display:none">File size must be less than 300 kB.<br />File extension not allowed for upload.</div>

Developer Details:
  خطای بارگذاری فایل. <br><div style="display:none">File size must be less than 300 kB.<br />File extension "bak" is not allowed for upload.</div> (FILE_UPLOAD_ERROR)

tNG Execution Trace:
  tNG_insert.executeTransaction
    STARTER.Trigger_Default_Starter
    tNG_insert.doTransaction
      BEFORE.Trigger_Default_FormValidation
      tNG_insert.prepareSQL
      tNG_insert.executeTransaction - execute sql
      tNG_insert.postExecuteSql
      AFTER.Trigger_ImageUpload*
      ERROR.Trigger_Default_Insert_RollBack
  tNG_insert.getRecordset
  tNG_insert.getFakeRsArr
  tNG_insert.getLocalRecordset
  tNG_insert.getFakeRecordset
  tNG_insert.getFakeRecordset
=== END MESSAGE ===
=== BEGIN MESSAGE ===
Client IP:
  5.127.93.147

Host:
  payesh.bonyadmaskan.ir

Requested URI:
  https://payesh.bonyadmaskan.ir/portal/plugins/havades/makan_add.php?cod=dfaXQpf10wcXnJlV3d1HSpjO90TQodzLOtEeFlkSDtmYaR2dvVXbahkN&mode=edit

Date:
  2022-03-08 09:02:35

خطا:
  خطای بارگذاری فایل. <br><div style="display:none">File extension not allowed for upload.</div>

Developer Details:
  خطای بارگذاری فایل. <br><div style="display:none">File extension "pdf" is not allowed for upload.</div> (FILE_UPLOAD_ERROR)

tNG Execution Trace:
  tNG_insert.executeTransaction
    STARTER.Trigger_Default_Starter
  tNG_update.executeTransaction
    STARTER.Trigger_Default_Starter
    tNG_update.doTransaction
      BEFORE.Trigger_Default_saveData
        tNG_update.saveData
      BEFORE.Trigger_Default_FormValidation
      tNG_update.prepareSQL
      tNG_update.executeTransaction - execute sql
      AFTER.Trigger_ImageUpload*
  tNG_insert.getRecordset
  tNG_insert.getLocalRecordset
  tNG_insert.getFakeRecordset
  tNG_update.getRecordset
  tNG_update.getFakeRsArr
  tNG_update.getLocalRecordset
  tNG_update.getFakeRecordset
=== END MESSAGE ===
=== BEGIN MESSAGE ===
Client IP:
  5.114.213.200

Host:
  payesh.bonyadmaskan.ir

Requested URI:
  https://payesh.bonyadmaskan.ir/portal/plugins/admin/admin_add.php

Date:
  2022-03-08 21:20:18

خطا:
  کاربر با این نام کاربری قبلا درج شده است

Developer Details:
  %s

tNG Execution Trace:
  tNG_insert.executeTransaction
    STARTER.Trigger_Default_Starter
    tNG_insert.doTransaction
      BEFORE.Trigger_Default_FormValidation
      BEFORE.Trigger_CheckUnique*
      ERROR.Trigger_Default_Insert_RollBack
=== END MESSAGE ===
=== BEGIN MESSAGE ===
Client IP:
  5.114.213.200

Host:
  payesh.bonyadmaskan.ir

Requested URI:
  https://payesh.bonyadmaskan.ir/portal/plugins/admin/admin_add.php

Date:
  2022-03-08 21:20:18

خطا:
  کاربر با این نام کاربری قبلا درج شده است

Developer Details:
  %s

tNG Execution Trace:
  tNG_insert.executeTransaction
    STARTER.Trigger_Default_Starter
    tNG_insert.doTransaction
      BEFORE.Trigger_Default_FormValidation
      BEFORE.Trigger_CheckUnique*
      ERROR.Trigger_Default_Insert_RollBack
  tNG_insert.getRecordset
  tNG_insert.getFakeRsArr
  tNG_insert.getLocalRecordset
  tNG_insert.getFakeRecordset
  tNG_insert.getFakeRecordset
=== END MESSAGE ===
=== BEGIN MESSAGE ===
Client IP:
  185.153.210.145

Host:
  payesh.bonyadmaskan.ir

Requested URI:
  https://payesh.bonyadmaskan.ir/portal/plugins/havades/file_add.php?cod=!!8xiR45HqV0p9TBDMlPnSVnO60TWBNmRK9Sd0R0Z0EzNG9Ga0hXSzUlczsmNrNkV2MXNCVEUWFncORmSXdUd&cod=!!8xiR45HqV0p9TBDMlPnSVnO60TWBNmRK9Sd0R0Z0EzNG9Ga0hXSzUlczsmNrNkV2MXNCVEUWFncORmSXdUd&mode=edit

Date:
  2022-03-09 09:15:40

خطا:
  خطای بارگذاری فایل. <br><div style="display:none">File size must be less than 200 kB.</div>

Developer Details:
  خطای بارگذاری فایل. <br><div style="display:none">File size must be less than 200 kB.</div> (FILE_UPLOAD_ERROR)

tNG Execution Trace:
  tNG_insert.executeTransaction
    STARTER.Trigger_Default_Starter
    tNG_insert.doTransaction
      BEFORE.Trigger_Default_FormValidation
      tNG_insert.prepareSQL
      tNG_insert.executeTransaction - execute sql
      tNG_insert.postExecuteSql
      AFTER.Trigger_ImageUpload*
      ERROR.Trigger_Default_Insert_RollBack
  tNG_insert.getRecordset
  tNG_insert.getFakeRsArr
  tNG_insert.getLocalRecordset
  tNG_insert.getFakeRecordset
  tNG_insert.getFakeRecordset
=== END MESSAGE ===
=== BEGIN MESSAGE ===
Client IP:
  2.183.246.64

Host:
  payesh.bonyadmaskan.ir

Requested URI:
  https://payesh.bonyadmaskan.ir/portal/plugins/havades/moteghazi_edit.php?cod=!!4DgzK82TkbTVCPGhxd9h3mO60TSPJVRRl1U3djTTFlTCRVO0cHSoNmd090ZyV3U1U2QvkHTINVeF9kW2JjU&id=5G9i$$uRLwFlncR$$gNv1thojO90zZ5AFWpVFRClnMNRHOmdTOElGeKlDM

Date:
  2022-03-09 13:42:10

خطا:
  خطای پایگاه داده. <br><div style="display:none">Data too long for column 'mobile' at row 1</div>

Developer Details:
  خطای پایگاه داده. <br><div style="display:none">UPDATE khanevar SET nesbat='1', vamgirande=1, name='علی', lname='افضلی', pedar='محمود', shsh='1068', mahalsodor=null, codemeli='309-024827-1', mahaltavalod='زرند', birthday='0000/00/00', job=null, tel=null, mobile='1111111111111111111111111111', tabeiat='0', job_duration=null, jobplace=null, madrak=null, modat_sokonat=null, user='a10050101', takafol=null, noesokonat='1', jensiat='0', taahol='0', status=1 WHERE id = 342138.</div> (SQL_ERROR)

tNG Execution Trace:
  tNG_update.executeTransaction
    STARTER.Trigger_Default_Starter
    tNG_update.doTransaction
      BEFORE.Trigger_Default_saveData
        tNG_update.saveData
      BEFORE.Trigger_Default_FormValidation
      tNG_update.prepareSQL
      tNG_update.executeTransaction - execute sql*
  tNG_update.getRecordset
  tNG_update.getFakeRsArr
  tNG_update.getLocalRecordset
  tNG_update.getFakeRecordset
=== END MESSAGE ===
=== BEGIN MESSAGE ===
Client IP:
  172.16.90.5

Host:
  payesh.bonyadmaskan.ir

Requested URI:
  https://payesh.bonyadmaskan.ir/portal/plugins/admin/admin_add.php

Date:
  2022-03-14 09:18:24

خطا:
  کاربر با این نام کاربری قبلا درج شده است

Developer Details:
  %s

tNG Execution Trace:
  tNG_insert.executeTransaction
    STARTER.Trigger_Default_Starter
    tNG_insert.doTransaction
      BEFORE.Trigger_Default_FormValidation
      BEFORE.Trigger_CheckUnique*
      ERROR.Trigger_Default_Insert_RollBack
=== END MESSAGE ===
=== BEGIN MESSAGE ===
Client IP:
  172.16.90.5

Host:
  payesh.bonyadmaskan.ir

Requested URI:
  https://payesh.bonyadmaskan.ir/portal/plugins/admin/admin_add.php

Date:
  2022-03-14 09:18:25

خطا:
  کاربر با این نام کاربری قبلا درج شده است

Developer Details:
  %s

tNG Execution Trace:
  tNG_insert.executeTransaction
    STARTER.Trigger_Default_Starter
    tNG_insert.doTransaction
      BEFORE.Trigger_Default_FormValidation
      BEFORE.Trigger_CheckUnique*
      ERROR.Trigger_Default_Insert_RollBack
  tNG_insert.getRecordset
  tNG_insert.getFakeRsArr
  tNG_insert.getLocalRecordset
  tNG_insert.getFakeRecordset
  tNG_insert.getFakeRecordset
=== END MESSAGE ===
=== BEGIN MESSAGE ===
Client IP:
  172.16.90.5

Host:
  payesh.bonyadmaskan.ir

Requested URI:
  https://payesh.bonyadmaskan.ir/portal/plugins/admin/admin_add.php

Date:
  2022-03-14 09:24:44

خطا:
  کاربر با این نام کاربری قبلا درج شده است

Developer Details:
  %s

tNG Execution Trace:
  tNG_insert.executeTransaction
    STARTER.Trigger_Default_Starter
    tNG_insert.doTransaction
      BEFORE.Trigger_Default_FormValidation
      BEFORE.Trigger_CheckUnique*
      ERROR.Trigger_Default_Insert_RollBack
=== END MESSAGE ===
=== BEGIN MESSAGE ===
Client IP:
  172.16.90.5

Host:
  payesh.bonyadmaskan.ir

Requested URI:
  https://payesh.bonyadmaskan.ir/portal/plugins/admin/admin_add.php

Date:
  2022-03-14 09:24:44

خطا:
  کاربر با این نام کاربری قبلا درج شده است

Developer Details:
  %s

tNG Execution Trace:
  tNG_insert.executeTransaction
    STARTER.Trigger_Default_Starter
    tNG_insert.doTransaction
      BEFORE.Trigger_Default_FormValidation
      BEFORE.Trigger_CheckUnique*
      ERROR.Trigger_Default_Insert_RollBack
  tNG_insert.getRecordset
  tNG_insert.getFakeRsArr
  tNG_insert.getLocalRecordset
  tNG_insert.getFakeRecordset
  tNG_insert.getFakeRecordset
=== END MESSAGE ===
=== BEGIN MESSAGE ===
Client IP:
  172.16.90.5

Host:
  payesh.bonyadmaskan.ir

Requested URI:
  https://payesh.bonyadmaskan.ir/portal/plugins/admin/admin_add.php

Date:
  2022-03-15 08:17:29

خطا:
  کاربر با این نام کاربری قبلا درج شده است

Developer Details:
  %s

tNG Execution Trace:
  tNG_insert.executeTransaction
    STARTER.Trigger_Default_Starter
    tNG_insert.doTransaction
      BEFORE.Trigger_Default_FormValidation
      BEFORE.Trigger_CheckUnique*
      ERROR.Trigger_Default_Insert_RollBack
=== END MESSAGE ===
=== BEGIN MESSAGE ===
Client IP:
  172.16.90.5

Host:
  payesh.bonyadmaskan.ir

Requested URI:
  https://payesh.bonyadmaskan.ir/portal/plugins/admin/admin_add.php

Date:
  2022-03-15 08:17:29

خطا:
  کاربر با این نام کاربری قبلا درج شده است

Developer Details:
  %s

tNG Execution Trace:
  tNG_insert.executeTransaction
    STARTER.Trigger_Default_Starter
    tNG_insert.doTransaction
      BEFORE.Trigger_Default_FormValidation
      BEFORE.Trigger_CheckUnique*
      ERROR.Trigger_Default_Insert_RollBack
  tNG_insert.getRecordset
  tNG_insert.getFakeRsArr
  tNG_insert.getLocalRecordset
  tNG_insert.getFakeRecordset
  tNG_insert.getFakeRecordset
=== END MESSAGE ===
=== BEGIN MESSAGE ===
Client IP:
  172.16.90.5

Host:
  payesh.bonyadmaskan.ir

Requested URI:
  https://payesh.bonyadmaskan.ir/portal/plugins/admin/admin_add.php

Date:
  2022-03-15 08:25:26

خطا:
  کاربر با این نام کاربری قبلا درج شده است

Developer Details:
  %s

tNG Execution Trace:
  tNG_insert.executeTransaction
    STARTER.Trigger_Default_Starter
    tNG_insert.doTransaction
      BEFORE.Trigger_Default_FormValidation
      BEFORE.Trigger_CheckUnique*
      ERROR.Trigger_Default_Insert_RollBack
=== END MESSAGE ===
=== BEGIN MESSAGE ===
Client IP:
  172.16.90.5

Host:
  payesh.bonyadmaskan.ir

Requested URI:
  https://payesh.bonyadmaskan.ir/portal/plugins/admin/admin_add.php

Date:
  2022-03-15 08:25:26

خطا:
  کاربر با این نام کاربری قبلا درج شده است

Developer Details:
  %s

tNG Execution Trace:
  tNG_insert.executeTransaction
    STARTER.Trigger_Default_Starter
    tNG_insert.doTransaction
      BEFORE.Trigger_Default_FormValidation
      BEFORE.Trigger_CheckUnique*
      ERROR.Trigger_Default_Insert_RollBack
  tNG_insert.getRecordset
  tNG_insert.getFakeRsArr
  tNG_insert.getLocalRecordset
  tNG_insert.getFakeRecordset
  tNG_insert.getFakeRecordset
=== END MESSAGE ===
=== BEGIN MESSAGE ===
Client IP:
  78.38.159.146

Host:
  payesh.bonyadmaskan.ir

Requested URI:
  https://payesh.bonyadmaskan.ir/portal/plugins/havades/file_add.php?cod=2qhljl1@@Klqx$$hWXaDqWPrjO90zZHF1ZvsmSLdWO1xkZ2I0c2IHai1US&cod=2qhljl1@@Klqx$$hWXaDqWPrjO90zZHF1ZvsmSLdWO1xkZ2I0c2IHai1US&mode=edit

Date:
  2022-03-15 08:25:31

خطا:
  خطای بارگذاری فایل. <br><div style="display:none">File size must be less than 200 kB.</div>

Developer Details:
  خطای بارگذاری فایل. <br><div style="display:none">File size must be less than 200 kB.</div> (FILE_UPLOAD_ERROR)

tNG Execution Trace:
  tNG_insert.executeTransaction
    STARTER.Trigger_Default_Starter
    tNG_insert.doTransaction
      BEFORE.Trigger_Default_FormValidation
      tNG_insert.prepareSQL
      tNG_insert.executeTransaction - execute sql
      tNG_insert.postExecuteSql
      AFTER.Trigger_ImageUpload*
      ERROR.Trigger_Default_Insert_RollBack
  tNG_insert.getRecordset
  tNG_insert.getFakeRsArr
  tNG_insert.getLocalRecordset
  tNG_insert.getFakeRecordset
  tNG_insert.getFakeRecordset
=== END MESSAGE ===
=== BEGIN MESSAGE ===
Client IP:
  2.184.147.59

Host:
  payesh.bonyadmaskan.ir

Requested URI:
  https://payesh.bonyadmaskan.ir/portal/plugins/havades/melktakmil_add.php?cod=kye4S4ZeXIFMUui@@wH2b5qjO90TQjBTOFl0VLlnU5gjY1RXeGZ3U1pHS&mode=edit

Date:
  2022-03-18 18:51:57

خطا:
  خطای پایگاه داده. <br><div style="display:none">Column 'tabaghe' cannot be null</div>

Developer Details:
  خطای پایگاه داده. <br><div style="display:none">INSERT INTO melk_detail (hcode, tabaghe, maskoniv, maskonim, tejariv, tejarim, tejmasv, tejmasm, khadv, khadm, edariv, edarim, mazhabiv, mazhabim, malek, user, sdate, active) values ('16366313403595', null, '1', '120', null, null, null, null, null, null, null, null, null, null, 'خداکرم صادقی حسنوند', 'a140605', '1400/12/27', '1').</div> (SQL_ERROR)

tNG Execution Trace:
  tNG_insert.executeTransaction
    STARTER.Trigger_Default_Starter
    tNG_insert.doTransaction
      BEFORE.Trigger_Default_FormValidation
      tNG_insert.prepareSQL
      tNG_insert.executeTransaction - execute sql*
      ERROR.Trigger_Default_Insert_RollBack
  tNG_insert.getRecordset
  tNG_insert.getFakeRsArr
  tNG_insert.getLocalRecordset
  tNG_insert.getFakeRecordset
  tNG_insert.getFakeRecordset
=== END MESSAGE ===
=== BEGIN MESSAGE ===
Client IP:
  78.38.159.146

Host:
  payesh.bonyadmaskan.ir

Requested URI:
  https://payesh.bonyadmaskan.ir/portal/plugins/havades/file_add.php?cod=!!0@@EpvGS2cxaEERv6xQZ@@ksO60TRycHU3ZkZD9iRqdUWMJTc3lVc4g2Y5UXdqV2MXVTdFpHUQdzTXdTaih3N&cod=!!0@@EpvGS2cxaEERv6xQZ@@ksO60TRycHU3ZkZD9iRqdUWMJTc3lVc4g2Y5UXdqV2MXVTdFpHUQdzTXdTaih3N&mode=edit

Date:
  2022-03-26 08:22:36

خطا:
  خطای بارگذاری فایل. <br><div style="display:none">File size must be less than 200 kB.</div>

Developer Details:
  خطای بارگذاری فایل. <br><div style="display:none">File size must be less than 200 kB.</div> (FILE_UPLOAD_ERROR)

tNG Execution Trace:
  tNG_insert.executeTransaction
    STARTER.Trigger_Default_Starter
    tNG_insert.doTransaction
      BEFORE.Trigger_Default_FormValidation
      tNG_insert.prepareSQL
      tNG_insert.executeTransaction - execute sql
      tNG_insert.postExecuteSql
      AFTER.Trigger_ImageUpload*
      ERROR.Trigger_Default_Insert_RollBack
  tNG_insert.getRecordset
  tNG_insert.getFakeRsArr
  tNG_insert.getLocalRecordset
  tNG_insert.getFakeRecordset
  tNG_insert.getFakeRecordset
=== END MESSAGE ===
=== BEGIN MESSAGE ===
Client IP:
  172.16.90.5

Host:
  payesh.bonyadmaskan.ir

Requested URI:
  https://payesh.bonyadmaskan.ir/portal/plugins/nazer/nazer_edit.php?id=ZGMOAFRSuB@@hbdXtA03MIrjO90zdqVUeNFVTRdzKvtEUnR3TPRkUN92K

Date:
  2022-03-26 12:16:22

خطا:
  خطای داخلی.

Developer Details:
  tNG_update.getLocalRecordset:خطا.<br /><br><div style="display:none"><strong>پیغام خطا:</strong><br />MySQL server has gone away<br /><strong>دستور پایگاه داده:</strong><br />SELECT name,codemeli,regnum,parvanenum,parvane_exdate,ostan,shahrestan,nazertype,status,id, id as kt_pk_nazeran FROM nazeran WHERE id =966</div> (UPD_RS)

tNG Execution Trace:
  tNG_update.executeTransaction
    STARTER.Trigger_Default_Starter
    tNG_update.doTransaction
      BEFORE.Trigger_Default_saveData
        tNG_update.saveData
      BEFORE.Trigger_Default_FormValidation
      tNG_update.prepareSQL
      tNG_update.executeTransaction - execute sql*
  tNG_update.getRecordset
  tNG_update.getFakeRsArr
  tNG_update.getLocalRecordset*
=== END MESSAGE ===
=== BEGIN MESSAGE ===
Client IP:
  95.38.111.56

Host:
  payesh.bonyadmaskan.ir

Requested URI:
  https://payesh.bonyadmaskan.ir/portal/plugins/havades/moteghazi_add.php?cod=9u@@9hyBQ0avoyiJUIhUqxojO90TQ4Q2MBJFc5YUNztENvNGeyxkY1ATc&mode=edit

Date:
  2022-03-26 13:49:00

خطا:
  خطای پایگاه داده. <br><div style="display:none">Data too long for column 'job_duration' at row 1</div>

Developer Details:
  خطای پایگاه داده. <br><div style="display:none">INSERT INTO khanevar (hcode, nesbat, vamgirande, name, lname, pedar, shsh, mahalsodor, codemeli, mahaltavalod, birthday, job, job_duration, jobplace, madrak, modat_sokonat, tel, mobile, tabeiat, user, sdate, takafol, jensiat, taahol, noesokonat, status) values ('16440840728524', '1', 1, 'فرشید', 'پایند', 'حبیب الله', '3150477816', null, '315-047781-6', 'کهنوج', '1376/12/01', null, '09037238556', null, null, null, null, null, '0', 'p10041301', '1401/01/06', null, '0', '1', '1', 1).</div> (SQL_ERROR)

tNG Execution Trace:
  tNG_insert.executeTransaction
    STARTER.Trigger_Default_Starter
    tNG_insert.doTransaction
      BEFORE.Trigger_Default_FormValidation
      tNG_insert.prepareSQL
      tNG_insert.executeTransaction - execute sql*
      ERROR.Trigger_Default_Insert_RollBack
  tNG_insert.getRecordset
  tNG_insert.getFakeRsArr
  tNG_insert.getLocalRecordset
  tNG_insert.getFakeRecordset
  tNG_insert.getFakeRecordset
=== END MESSAGE ===
=== BEGIN MESSAGE ===
Client IP:
  95.38.24.217

Host:
  payesh.bonyadmaskan.ir

Requested URI:
  https://payesh.bonyadmaskan.ir/portal/plugins/havades/melktakmil_add.php?cod=94v$$@@1jQ7E6Hj52kpVGoXqjO90TQPtSQ4oXdYVEd6R2Y5F1NDFTdxhEd&mode=edit

Date:
  2022-03-27 07:28:36

خطا:
  خطای پایگاه داده. <br><div style="display:none">Column 'tabaghe' cannot be null</div>

Developer Details:
  خطای پایگاه داده. <br><div style="display:none">INSERT INTO melk_detail (hcode, tabaghe, maskoniv, maskonim, tejariv, tejarim, tejmasv, tejmasm, khadv, khadm, edariv, edarim, mazhabiv, mazhabim, malek, user, sdate, active) values ('16482718062628', null, null, null, null, null, null, null, null, null, null, null, null, null, 'قدیرنورانی', 'p020202', '1401/01/07', '1').</div> (SQL_ERROR)

tNG Execution Trace:
  tNG_insert.executeTransaction
    STARTER.Trigger_Default_Starter
    tNG_insert.doTransaction
      BEFORE.Trigger_Default_FormValidation
      tNG_insert.prepareSQL
      tNG_insert.executeTransaction - execute sql*
      ERROR.Trigger_Default_Insert_RollBack
  tNG_insert.getRecordset
  tNG_insert.getFakeRsArr
  tNG_insert.getLocalRecordset
  tNG_insert.getFakeRecordset
  tNG_insert.getFakeRecordset
=== END MESSAGE ===
=== BEGIN MESSAGE ===
Client IP:
  176.223.84.28

Host:
  payesh.bonyadmaskan.ir

Requested URI:
  https://payesh.bonyadmaskan.ir/portal/plugins/admin/admin_add.php

Date:
  2022-03-28 11:05:22

خطا:
  کاربر با این نام کاربری قبلا درج شده است

Developer Details:
  %s

tNG Execution Trace:
  tNG_insert.executeTransaction
    STARTER.Trigger_Default_Starter
    tNG_insert.doTransaction
      BEFORE.Trigger_Default_FormValidation
      BEFORE.Trigger_CheckUnique*
      ERROR.Trigger_Default_Insert_RollBack
=== END MESSAGE ===
=== BEGIN MESSAGE ===
Client IP:
  176.223.84.28

Host:
  payesh.bonyadmaskan.ir

Requested URI:
  https://payesh.bonyadmaskan.ir/portal/plugins/admin/admin_add.php

Date:
  2022-03-28 11:05:23

خطا:
  کاربر با این نام کاربری قبلا درج شده است

Developer Details:
  %s

tNG Execution Trace:
  tNG_insert.executeTransaction
    STARTER.Trigger_Default_Starter
    tNG_insert.doTransaction
      BEFORE.Trigger_Default_FormValidation
      BEFORE.Trigger_CheckUnique*
      ERROR.Trigger_Default_Insert_RollBack
  tNG_insert.getRecordset
  tNG_insert.getFakeRsArr
  tNG_insert.getLocalRecordset
  tNG_insert.getFakeRecordset
  tNG_insert.getFakeRecordset
=== END MESSAGE ===
