=== BEGIN MESSAGE ===
Client IP:
  ::1

Host:
  localhost

Requested URI:
  http://localhost/payesh/plugins/havades/place_add.php?cod=97KQ2QzSYqMBp73rR8EUDqjO90TQXNkbLR1Ql92aLZXM4BHRuJGeElXc&relatedplace=WUHOXNBJpAFZRA1ZJ7A2xojO90zdLplNFJ1Ky8EWzVXQvUDREhjSa5UT&mode=edit

Date:
  2024-03-17 12:40:27

خطا:
  خطای پایگاه داده. <br><div style="display:none">Column 'hcode' cannot be null</div>

Developer Details:
  خطای پایگاه داده. <br><div style="display:none"></div> (SQL_ERROR)

tNG Execution Trace:
=== END MESSAGE ===
=== BEGIN MESSAGE ===
Client IP:
  ::1

Host:
  localhost

Requested URI:
  http://localhost/payesh/plugins/havades/place_add.php?cod=97KQ2QzSYqMBp73rR8EUDqjO90TQXNkbLR1Ql92aLZXM4BHRuJGeElXc&relatedplace=WUHOXNBJpAFZRA1ZJ7A2xojO90zdLplNFJ1Ky8EWzVXQvUDREhjSa5UT&mode=edit

Date:
  2024-03-17 12:40:27

خطا:
  خطای پایگاه داده. <br><div style="display:none">Column 'hcode' cannot be null</div>

Developer Details:
  خطای پایگاه داده. <br><div style="display:none"></div> (SQL_ERROR)

tNG Execution Trace:
=== END MESSAGE ===
=== BEGIN MESSAGE ===
Client IP:
  ::1

Host:
  localhost

Requested URI:
  http://localhost/payesh/plugins/havades/place_add.php?cod=97KQ2QzSYqMBp73rR8EUDqjO90TQXNkbLR1Ql92aLZXM4BHRuJGeElXc&relatedplace=WUHOXNBJpAFZRA1ZJ7A2xojO90zdLplNFJ1Ky8EWzVXQvUDREhjSa5UT&mode=edit

Date:
  2024-03-17 12:40:27

خطا:
  خطای پایگاه داده. <br><div style="display:none">Column 'hcode' cannot be null</div>

Developer Details:
  خطای پایگاه داده. <br><div style="display:none"></div> (SQL_ERROR)

tNG Execution Trace:
=== END MESSAGE ===
